<?xml version="1.0" encoding="UTF-8"?>
<robot generator="Robot 7.4.2 (Python 3.10.12 on linux)" generated="2026-03-11T17:48:07.188077" rpa="false" schemaversion="5">
<suite id="s1" name="Test" source="/home/citco/qa-training-2026/robotframework_cruz/Tests/test.robot">
<kw name="Suite Init" type="SETUP">
<kw name="Launch Browser" owner="App">
<kw name="Open Browser" owner="SeleniumLibrary">
<msg time="2026-03-11T17:48:07.555154" level="INFO">Opening browser 'chrome' to base url 'https://marmelab.com/react-admin-demo'.</msg>
<arg>${url}</arg>
<arg>chrome</arg>
<arg>options=add_argument("--start-maximized");</arg>
<doc>Opens a new browser instance to the optional ``url``.</doc>
<status status="PASS" start="2026-03-11T17:48:07.554595" elapsed="2.437617"/>
</kw>
<kw name="Wait Until Element Is Visible" owner="SeleniumLibrary">
<arg>${login_txt_username}</arg>
<doc>Waits until the element ``locator`` is visible.</doc>
<status status="PASS" start="2026-03-11T17:48:09.992914" elapsed="0.496721"/>
</kw>
<status status="PASS" start="2026-03-11T17:48:07.553051" elapsed="2.936967"/>
</kw>
<kw name="Login User" owner="App">
<kw name="Input Text" owner="SeleniumLibrary">
<msg time="2026-03-11T17:48:10.492067" level="INFO">Typing text 'demo' into text field '//input[@name="username"]'.</msg>
<arg>${login_txt_username}</arg>
<arg>${username}</arg>
<doc>Types the given ``text`` into the text field identified by ``locator``.</doc>
<status status="PASS" start="2026-03-11T17:48:10.491355" elapsed="0.158771"/>
</kw>
<kw name="Input Text" owner="SeleniumLibrary">
<msg time="2026-03-11T17:48:10.651521" level="INFO">Typing text '123idhawdunj2e' into text field '//input[@name="password"]'.</msg>
<arg>${login_txt_password}</arg>
<arg>${password}</arg>
<doc>Types the given ``text`` into the text field identified by ``locator``.</doc>
<status status="PASS" start="2026-03-11T17:48:10.650742" elapsed="0.173132"/>
</kw>
<kw name="Capture Page Screenshot" owner="SeleniumLibrary">
<msg time="2026-03-11T17:48:10.985865" level="INFO" html="true">&lt;/td&gt;&lt;/tr&gt;&lt;tr&gt;&lt;td colspan="3"&gt;&lt;a href="selenium-screenshot-1004.png"&gt;&lt;img src="selenium-screenshot-1004.png" width="800px"&gt;&lt;/a&gt;</msg>
<doc>Takes a screenshot of the current page and embeds it into a log file.</doc>
<status status="PASS" start="2026-03-11T17:48:10.824485" elapsed="0.161688"/>
</kw>
<kw name="Click Button" owner="SeleniumLibrary">
<msg time="2026-03-11T17:48:10.987234" level="INFO">Clicking button '//button[@type="submit"]'.</msg>
<arg>${login_btn_submit}</arg>
<doc>Clicks the button identified by ``locator``.</doc>
<status status="PASS" start="2026-03-11T17:48:10.986643" elapsed="0.189791"/>
</kw>
<kw name="Wait Until Element Is Visible" owner="SeleniumLibrary">
<arg>${main_content}</arg>
<doc>Waits until the element ``locator`` is visible.</doc>
<status status="PASS" start="2026-03-11T17:48:11.177052" elapsed="0.277116"/>
</kw>
<status status="PASS" start="2026-03-11T17:48:10.490611" elapsed="0.963892"/>
</kw>
<kw name="Get Users" owner="CommonLibrary">
<msg time="2026-03-11T17:48:11.959253" level="INFO">[
  {
    "id": 1,
    "username": "Bret",
    "email": "Sincere@april.biz",
    "address": {
      "street": "Kulas Light",
      "suite": "Apt. 556",
      "city": "Gwenborough",
      "zipcode": "92998-3874",
      "geo": {
        "lat": "-37.3159",
        "lng": "81.1496"
      },
      "stateAbbr": "KAG"
    },
    "phone": "1-770-736-8031 x56442",
    "website": "hildegard.org",
    "company": {
      "name": "Romaguera-Crona",
      "catchPhrase": "Multi-layered client-server neural-net",
      "bs": "harness real-time e-markets"
    },
    "first_name": "Leanne",
    "last_name": "Graham",
    "birthday": "07/28/2000",
    "password": "Uzc0BujC"
  },
  {
    "id": 2,
    "username": "Antonette",
    "email": "Shanna@melissa.tv",
    "address": {
      "street": "Victor Plains",
      "suite": "Suite 879",
      "city": "Wisokyburgh",
      "zipcode": "90566-7771",
      "geo": {
        "lat": "-43.9509",
        "lng": "-34.4618"
      },
      "stateAbbr": "VSW"
    },
    "phone": "010-692-6593 x09125",
    "website": "anastasia.net",
    "company": {
      "name": "Deckow-Crist",
      "catchPhrase": "Proactive didactic contingency",
      "bs": "synergize scalable supply-chains"
    },
    "first_name": "Ervin",
    "last_name": "Howell",
    "birthday": "09/20/2001",
    "password": "zZRUyP07"
  },
  {
    "id": 3,
    "username": "Samantha",
    "email": "Nathan@yesenia.net",
    "address": {
      "street": "Douglas Extension",
      "suite": "Suite 847",
      "city": "McKenziehaven",
      "zipcode": "59590-4157",
      "geo": {
        "lat": "-68.6102",
        "lng": "-47.0653"
      },
      "stateAbbr": "DSM"
    },
    "phone": "1-463-123-4447",
    "website": "ramiro.info",
    "company": {
      "name": "Romaguera-Jacobson",
      "catchPhrase": "Face to face bifurcated interface",
      "bs": "e-enable strategic applications"
    },
    "first_name": "Clementine",
    "last_name": "Bauch",
    "birthday": "08/19/2002",
    "password": "3CgSB07N"
  },
  {
    "id": 4,
    "username": "Karianne",
    "email": "Julianne.OConner@kory.org",
    "address": {
      "street": "Hoeger Mall",
      "suite": "Apt. 692",
      "city": "South Elvis",
      "zipcode": "53919-4257",
      "geo": {
        "lat": "29.4572",
        "lng": "-164.2990"
      },
      "stateAbbr": "HAS"
    },
    "phone": "493-170-9623 x156",
    "website": "kale.biz",
    "company": {
      "name": "Robel-Corkery",
      "catchPhrase": "Multi-tiered zero tolerance productivity",
      "bs": "transition cutting-edge web services"
    },
    "first_name": "Patricia",
    "last_name": "Lebsack",
    "birthday": "12/27/2005",
    "password": "tInrOzPg"
  },
  {
    "id": 5,
    "username": "Kamren",
    "email": "Lucio_Hettinger@annie.ca",
    "address": {
      "street": "Skiles Walks",
      "suite": "Suite 351",
      "city": "Roscoeview",
      "zipcode": "33263",
      "geo": {
        "lat": "-31.8129",
        "lng": "62.5342"
      },
      "stateAbbr": "SSR"
    },
    "phone": "(254)954-1289",
    "website": "demarco.info",
    "company": {
      "name": "Keebler LLC",
      "catchPhrase": "User-centric fault-tolerant solution",
      "bs": "revolutionize end-to-end systems"
    },
    "first_name": "Chelsey",
    "last_name": "Dietrich",
    "birthday": "03/03/2004",
    "password": "ALcJZgBw"
  },
  {
    "id": 6,
    "username": "Leopoldo_Corkery",
    "email": "Karley_Dach@jasper.info",
    "address": {
      "street": "Norberto Crossing",
      "suite": "Apt. 950",
      "city": "South Christy",
      "zipcode": "23505-1337",
      "geo": {
        "lat": "-71.4197",
        "lng": "71.7478"
      },
      "stateAbbr": "NAS"
    },
    "phone": "1-477-935-8478 x6430",
    "website": "ola.org",
    "company": {
      "name": "Considine-Lockman",
      "catchPhrase": "Synchronised bottom-line interface",
      "bs": "e-enable innovative applications"
    },
    "first_name": "Dennis",
    "last_name": "Schulist",
    "birthday": "11/03/1999",
    "password": "#Hq4frKp"
  },
  {
    "id": 7,
    "username": "Elwyn.Skiles",
    "email": "Telly.Hoeger@billy.biz",
    "address": {
      "street": "Rex Trail",
      "suite": "Suite 280",
      "city": "Howemouth",
      "zipcode": "58804-1099",
      "geo": {
        "lat": "24.8918",
        "lng": "21.8984"
      },
      "stateAbbr": "RSH"
    },
    "phone": "210.067.6132",
    "website": "elvis.io",
    "company": {
      "name": "Johns Group",
      "catchPhrase": "Configurable multimedia task-force",
      "bs": "generate enterprise e-tailers"
    },
    "first_name": "Kurtis",
    "last_name": "Weissnat",
    "birthday": "03/13/2002",
    "password": "5yPR4vJ8"
  },
  {
    "id": 8,
    "username": "Maxime_Nienow",
    "email": "Sherwood@rosamond.me",
    "address": {
      "street": "Ellsworth Summit",
      "suite": "Suite 729",
      "city": "Aliyaview",
      "zipcode": "45169",
      "geo": {
        "lat": "-14.3990",
        "lng": "-120.7677"
      },
      "stateAbbr": "ESA"
    },
    "phone": "586.493.6943 x140",
    "website": "jacynthe.com",
    "company": {
      "name": "Abernathy Group",
      "catchPhrase": "Implemented secondary concept",
      "bs": "e-enable extensible e-tailers"
    },
    "first_name": "Nicholas",
    "last_name": "Runolfsdottir",
    "birthday": "03/25/2000",
    "password": "9G69hf7d"
  },
  {
    "id": 9,
    "username": "Delphine",
    "email": "Chaim_McDermott@dana.io",
    "address": {
      "street": "Dayna Park",
      "suite": "Suite 449",
      "city": "Bartholomebury",
      "zipcode": "76495-3109",
      "geo": {
        "lat": "24.6463",
        "lng": "-168.8889"
      },
      "stateAbbr": "DSB"
    },
    "phone": "(775)976-6794 x41206",
    "website": "conrad.com",
    "company": {
      "name": "Yost and Sons",
      "catchPhrase": "Switchable contextually-based project",
      "bs": "aggregate real-time technologies"
    },
    "first_name": "Glenna",
    "last_name": "Reichert",
    "birthday": "12/20/2006",
    "password": "YtmAM$Ky"
  },
  {
    "id": 10,
    "username": "Moriah.Stanton",
    "email": "Rey.Padberg@karina.biz",
    "address": {
      "street": "Kattie Turnpike",
      "suite": "Suite 198",
      "city": "Lebsackbury",
      "zipcode": "31428-2261",
      "geo": {
        "lat": "-38.2386",
        "lng": "57.2232"
      },
      "stateAbbr": "KSL"
    },
    "phone": "024-648-3804",
    "website": "ambrose.net",
    "company": {
      "name": "Hoeger LLC",
      "catchPhrase": "Centralized empowering task-force",
      "bs": "target end-to-end models"
    },
    "first_name": "Clementina",
    "last_name": "DuBuque",
    "birthday": "10/12/2001",
    "password": "kgeS1trd"
  }
]</msg>
<msg time="2026-03-11T17:48:11.959522" level="INFO">/home/citco/qa-training-2026/robotenv/lib/python3.10/site-packages/urllib3/connectionpool.py:1097: InsecureRequestWarning: Unverified HTTPS request is being made to host 'jsonplaceholder.typicode.com'. Adding certificate verification is strongly advised. See: https://urllib3.readthedocs.io/en/latest/advanced-usage.html#tls-warnings
  warnings.warn(</msg>
<msg time="2026-03-11T17:48:11.960122" level="INFO">${users} = [{'id': 1, 'username': 'Bret', 'email': 'Sincere@april.biz', 'address': {'street': 'Kulas Light', 'suite': 'Apt. 556', 'city': 'Gwenborough', 'zipcode': '92998-3874', 'geo': {'lat': '-37.3159', 'lng':...</msg>
<var>${users}</var>
<status status="PASS" start="2026-03-11T17:48:11.454879" elapsed="0.505338"/>
</kw>
<kw name="Set Suite Variable" owner="BuiltIn">
<msg time="2026-03-11T17:48:11.962025" level="INFO">${USERS} = [{'id': 1, 'username': 'Bret', 'email': 'Sincere@april.biz', 'address': {'street': 'Kulas Light', 'suite': 'Apt. 556', 'city': 'Gwenborough', 'zipcode': '92998-3874', 'geo': {'lat': '-37.3159', 'lng':...</msg>
<arg>${USERS}</arg>
<arg>${users}</arg>
<doc>Makes a variable available everywhere within the scope of the current suite.</doc>
<status status="PASS" start="2026-03-11T17:48:11.960753" elapsed="0.001386"/>
</kw>
<status status="PASS" start="2026-03-11T17:48:07.552308" elapsed="4.410017"/>
</kw>
<test id="s1-t1" name="TEST-4" line="30">
<kw name="Navigate" owner="App">
<kw name="Set Variable" owner="BuiltIn">
<msg time="2026-03-11T17:48:11.965336" level="INFO">${sub_menu_loc} = //a[descendant::p[text()="Customers"]]</msg>
<var>${sub_menu_loc}</var>
<arg>//a[descendant::p[text()="${sub_menu}"]]</arg>
<doc>Returns the given values which can then be assigned to a variables.</doc>
<status status="PASS" start="2026-03-11T17:48:11.964468" elapsed="0.000942"/>
</kw>
<kw name="Run Keyword And Return Status" owner="BuiltIn">
<kw name="Element Should Be Visible" owner="SeleniumLibrary">
<msg time="2026-03-11T17:48:12.381544" level="INFO">Element '//a[descendant::p[text()="Customers"]]' is displayed.</msg>
<arg>${sub_menu_loc}</arg>
<doc>Verifies that the element identified by ``locator`` is visible.</doc>
<status status="PASS" start="2026-03-11T17:48:11.966943" elapsed="0.415070"/>
</kw>
<msg time="2026-03-11T17:48:12.382526" level="INFO">${status} = True</msg>
<var>${status}</var>
<arg>Element Should be Visible</arg>
<arg>${sub_menu_loc}</arg>
<doc>Runs the specified keyword and returns the status as a Boolean value.</doc>
<status status="PASS" start="2026-03-11T17:48:11.965806" elapsed="0.416791"/>
</kw>
<if>
<branch type="IF" condition="not ${status}">
<kw name="Get Parent Menu" owner="App">
<var>${parent_menu}</var>
<arg>${sub_menu}</arg>
<status status="NOT RUN" start="2026-03-11T17:48:12.384238" elapsed="0.000143"/>
</kw>
<kw name="Click Element" owner="SeleniumLibrary">
<arg>${parent_menu}</arg>
<doc>Click the element identified by ``locator``.</doc>
<status status="NOT RUN" start="2026-03-11T17:48:12.384753" elapsed="0.000073"/>
</kw>
<kw name="Wait Until Element Is Visible" owner="SeleniumLibrary">
<arg>${sub_menu_loc}</arg>
<doc>Waits until the element ``locator`` is visible.</doc>
<status status="NOT RUN" start="2026-03-11T17:48:12.385077" elapsed="0.000066"/>
</kw>
<status status="NOT RUN" start="2026-03-11T17:48:12.383076" elapsed="0.002151"/>
</branch>
<status status="PASS" start="2026-03-11T17:48:12.382899" elapsed="0.002453"/>
</if>
<kw name="Click Element" owner="SeleniumLibrary">
<msg time="2026-03-11T17:48:12.386726" level="INFO">Clicking element '//a[descendant::p[text()="Customers"]]'.</msg>
<arg>${sub_menu_loc}</arg>
<doc>Click the element identified by ``locator``.</doc>
<status status="PASS" start="2026-03-11T17:48:12.385751" elapsed="0.249187"/>
</kw>
<kw name="Wait Until Element Is Visible" owner="SeleniumLibrary">
<arg>//h6[//span[text()="${sub_menu}"]]</arg>
<doc>Waits until the element ``locator`` is visible.</doc>
<status status="PASS" start="2026-03-11T17:48:12.635511" elapsed="0.832341"/>
</kw>
<kw name="Run Keyword If" owner="BuiltIn">
<kw name="Sleep" owner="BuiltIn">
<msg time="2026-03-11T17:48:15.471501" level="INFO">Slept 2 seconds.</msg>
<arg>2s</arg>
<doc>Pauses the test executed for the given time.</doc>
<status status="PASS" start="2026-03-11T17:48:13.469824" elapsed="2.002061"/>
</kw>
<arg>"${sub_menu}"=="Customers"</arg>
<arg>Sleep</arg>
<arg>2s</arg>
<doc>Runs the given keyword with the given arguments, if ``condition`` is true.</doc>
<status status="PASS" start="2026-03-11T17:48:13.468470" elapsed="2.003693"/>
</kw>
<arg>Customers</arg>
<status status="PASS" start="2026-03-11T17:48:11.963585" elapsed="3.508825"/>
</kw>
<kw name="Display Users With Spending" owner="Customers">
<kw name="Get Users With Spending" owner="Customers">
<kw name="Get WebElements" owner="SeleniumLibrary">
<msg time="2026-03-11T17:48:15.503781" level="INFO">${web_elems} = [&lt;selenium.webdriver.remote.webelement.WebElement (session="ad7f74c351c69c8d86d0fa84988cf13c", element="f.9F924BE7D317396CE8ADF85D84E9B3ED.d.0F70A49D6F612ACBF432A8B3DD96F356.e.92")&gt;, &lt;selenium.webdriv...</msg>
<var>${web_elems}</var>
<arg>//tbody//tr</arg>
<doc>Returns a list of WebElement objects matching the ``locator``.</doc>
<status status="PASS" start="2026-03-11T17:48:15.475266" elapsed="0.028693"/>
</kw>
<kw name="Create List" owner="BuiltIn">
<msg time="2026-03-11T17:48:15.505577" level="INFO">${users} = []</msg>
<var>${users}</var>
<doc>Returns a list containing given items.</doc>
<status status="PASS" start="2026-03-11T17:48:15.504558" elapsed="0.001132"/>
</kw>
<for flavor="IN ENUMERATE">
<iter>
<kw name="Get Text" owner="SeleniumLibrary">
<msg time="2026-03-11T17:48:15.547507" level="INFO">${total_spent} = $1,254.98</msg>
<var>${total_spent}</var>
<arg>((//tbody//tr)[${i+1}]//td)[5]</arg>
<doc>Returns the text value of the element identified by ``locator``.</doc>
<status status="PASS" start="2026-03-11T17:48:15.507172" elapsed="0.040467"/>
</kw>
<if>
<branch type="IF" condition="$total_spent != '$0.00'">
<kw name="Create Dictionary" owner="BuiltIn">
<msg time="2026-03-11T17:48:15.549341" level="INFO">${user} = {}</msg>
<var>${user}</var>
<doc>Creates and returns a dictionary based on the given ``items``.</doc>
<status status="PASS" start="2026-03-11T17:48:15.548604" elapsed="0.000792"/>
</kw>
<kw name="Get Text" owner="SeleniumLibrary">
<msg time="2026-03-11T17:48:15.587913" level="INFO">${name} = Abner Mayert</msg>
<var>${name}</var>
<arg>((//tbody//tr)[${i+1}]//td)[2]</arg>
<doc>Returns the text value of the element identified by ``locator``.</doc>
<status status="PASS" start="2026-03-11T17:48:15.549667" elapsed="0.038384"/>
</kw>
<kw name="Clean Text" owner="Customers">
<if>
<branch type="IF" condition="&quot;\\n&quot; in &quot;&quot;&quot;${text}&quot;&quot;&quot;">
<kw name="Evaluate" owner="BuiltIn">
<var>${text}</var>
<arg>"""${text}""".replace("\\n","")[1:]</arg>
<doc>Evaluates the given expression in Python and returns the result.</doc>
<status status="NOT RUN" start="2026-03-11T17:48:15.589863" elapsed="0.000061"/>
</kw>
<status status="NOT RUN" start="2026-03-11T17:48:15.589378" elapsed="0.000636"/>
</branch>
<branch type="ELSE IF" condition="&quot;$&quot; or &quot;,&quot; in &quot;&quot;&quot;${text}&quot;&quot;&quot;">
<kw name="Evaluate" owner="BuiltIn">
<msg time="2026-03-11T17:48:15.591794" level="INFO">${text} = Abner Mayert</msg>
<var>${text}</var>
<arg>"""${text}""".replace("$","").replace(",","")</arg>
<doc>Evaluates the given expression in Python and returns the result.</doc>
<status status="PASS" start="2026-03-11T17:48:15.590808" elapsed="0.001088"/>
</kw>
<status status="PASS" start="2026-03-11T17:48:15.590083" elapsed="0.001921"/>
</branch>
<status status="PASS" start="2026-03-11T17:48:15.589330" elapsed="0.002742"/>
</if>
<kw name="Return From Keyword" owner="BuiltIn">
<msg time="2026-03-11T17:48:15.592710" level="INFO">Returning from the enclosing user keyword.</msg>
<arg>${text}</arg>
<doc>Returns from the enclosing user keyword.</doc>
<status status="PASS" start="2026-03-11T17:48:15.592287" elapsed="0.000556"/>
</kw>
<msg time="2026-03-11T17:48:15.593122" level="INFO">${name} = Abner Mayert</msg>
<var>${name}</var>
<arg>${name}</arg>
<status status="PASS" start="2026-03-11T17:48:15.588754" elapsed="0.004418"/>
</kw>
<kw name="Set To Dictionary" owner="Collections">
<msg time="2026-03-11T17:48:15.594370" level="INFO">${user} = {'name': 'Abner Mayert'}</msg>
<var>${user}</var>
<arg>${user}</arg>
<arg>name=${name}</arg>
<doc>Adds the given ``key_value_pairs`` and/or ``items`` to the ``dictionary``.</doc>
<status status="PASS" start="2026-03-11T17:48:15.593392" elapsed="0.001040"/>
</kw>
<kw name="Get Text" owner="SeleniumLibrary">
<msg time="2026-03-11T17:48:15.623225" level="INFO">${total_spent} = $1,254.98</msg>
<var>${total_spent}</var>
<arg>((//tbody//tr)[${i+1}]//td)[5]</arg>
<doc>Returns the text value of the element identified by ``locator``.</doc>
<status status="PASS" start="2026-03-11T17:48:15.594695" elapsed="0.028666"/>
</kw>
<kw name="Set To Dictionary" owner="Collections">
<msg time="2026-03-11T17:48:15.624558" level="INFO">${user} = {'name': 'Abner Mayert', 'total_spent': '$1,254.98'}</msg>
<var>${user}</var>
<arg>${user}</arg>
<arg>total_spent=${total_spent}</arg>
<doc>Adds the given ``key_value_pairs`` and/or ``items`` to the ``dictionary``.</doc>
<status status="PASS" start="2026-03-11T17:48:15.623842" elapsed="0.000771"/>
</kw>
<kw name="Append To List" owner="Collections">
<arg>${users}</arg>
<arg>${user}</arg>
<doc>Adds ``values`` to the end of ``list``.</doc>
<status status="PASS" start="2026-03-11T17:48:15.624831" elapsed="0.000448"/>
</kw>
<status status="PASS" start="2026-03-11T17:48:15.547971" elapsed="0.077562"/>
</branch>
<status status="PASS" start="2026-03-11T17:48:15.547896" elapsed="0.077733"/>
</if>
<var name="${i}">0</var>
<var name="${elem}">&lt;selenium.webdriver.remote.webelement.WebElement (session="ad7f74c351c69c8d86d0fa84988cf13c", element="f.9F924BE7D317396CE8ADF85D84E9B3ED.d.0F70A49D6F612ACBF432A8B3DD96F356.e.92")&gt;</var>
<status status="PASS" start="2026-03-11T17:48:15.506783" elapsed="0.118901"/>
</iter>
<iter>
<kw name="Get Text" owner="SeleniumLibrary">
<msg time="2026-03-11T17:48:15.662285" level="INFO">${total_spent} = $0.00</msg>
<var>${total_spent}</var>
<arg>((//tbody//tr)[${i+1}]//td)[5]</arg>
<doc>Returns the text value of the element identified by ``locator``.</doc>
<status status="PASS" start="2026-03-11T17:48:15.626464" elapsed="0.035961"/>
</kw>
<if>
<branch type="IF" condition="$total_spent != '$0.00'">
<kw name="Create Dictionary" owner="BuiltIn">
<var>${user}</var>
<doc>Creates and returns a dictionary based on the given ``items``.</doc>
<status status="NOT RUN" start="2026-03-11T17:48:15.663359" elapsed="0.000065"/>
</kw>
<kw name="Get Text" owner="SeleniumLibrary">
<var>${name}</var>
<arg>((//tbody//tr)[${i+1}]//td)[2]</arg>
<doc>Returns the text value of the element identified by ``locator``.</doc>
<status status="NOT RUN" start="2026-03-11T17:48:15.663626" elapsed="0.000052"/>
</kw>
<kw name="Clean Text" owner="Customers">
<var>${name}</var>
<arg>${name}</arg>
<status status="NOT RUN" start="2026-03-11T17:48:15.664127" elapsed="0.000063"/>
</kw>
<kw name="Set To Dictionary" owner="Collections">
<var>${user}</var>
<arg>${user}</arg>
<arg>name=${name}</arg>
<doc>Adds the given ``key_value_pairs`` and/or ``items`` to the ``dictionary``.</doc>
<status status="NOT RUN" start="2026-03-11T17:48:15.664375" elapsed="0.000049"/>
</kw>
<kw name="Get Text" owner="SeleniumLibrary">
<var>${total_spent}</var>
<arg>((//tbody//tr)[${i+1}]//td)[5]</arg>
<doc>Returns the text value of the element identified by ``locator``.</doc>
<status status="NOT RUN" start="2026-03-11T17:48:15.664607" elapsed="0.000048"/>
</kw>
<kw name="Set To Dictionary" owner="Collections">
<var>${user}</var>
<arg>${user}</arg>
<arg>total_spent=${total_spent}</arg>
<doc>Adds the given ``key_value_pairs`` and/or ``items`` to the ``dictionary``.</doc>
<status status="NOT RUN" start="2026-03-11T17:48:15.664829" elapsed="0.000048"/>
</kw>
<kw name="Append To List" owner="Collections">
<arg>${users}</arg>
<arg>${user}</arg>
<doc>Adds ``values`` to the end of ``list``.</doc>
<status status="NOT RUN" start="2026-03-11T17:48:15.665050" elapsed="0.000049"/>
</kw>
<status status="NOT RUN" start="2026-03-11T17:48:15.662764" elapsed="0.002405"/>
</branch>
<status status="PASS" start="2026-03-11T17:48:15.662688" elapsed="0.002549"/>
</if>
<var name="${i}">1</var>
<var name="${elem}">&lt;selenium.webdriver.remote.webelement.WebElement (session="ad7f74c351c69c8d86d0fa84988cf13c", element="f.9F924BE7D317396CE8ADF85D84E9B3ED.d.0F70A49D6F612ACBF432A8B3DD96F356.e.93")&gt;</var>
<status status="PASS" start="2026-03-11T17:48:15.626171" elapsed="0.039113"/>
</iter>
<iter>
<kw name="Get Text" owner="SeleniumLibrary">
<msg time="2026-03-11T17:48:15.697352" level="INFO">${total_spent} = $0.00</msg>
<var>${total_spent}</var>
<arg>((//tbody//tr)[${i+1}]//td)[5]</arg>
<doc>Returns the text value of the element identified by ``locator``.</doc>
<status status="PASS" start="2026-03-11T17:48:15.665895" elapsed="0.031593"/>
</kw>
<if>
<branch type="IF" condition="$total_spent != '$0.00'">
<kw name="Create Dictionary" owner="BuiltIn">
<var>${user}</var>
<doc>Creates and returns a dictionary based on the given ``items``.</doc>
<status status="NOT RUN" start="2026-03-11T17:48:15.698443" elapsed="0.000066"/>
</kw>
<kw name="Get Text" owner="SeleniumLibrary">
<var>${name}</var>
<arg>((//tbody//tr)[${i+1}]//td)[2]</arg>
<doc>Returns the text value of the element identified by ``locator``.</doc>
<status status="NOT RUN" start="2026-03-11T17:48:15.698710" elapsed="0.000050"/>
</kw>
<kw name="Clean Text" owner="Customers">
<var>${name}</var>
<arg>${name}</arg>
<status status="NOT RUN" start="2026-03-11T17:48:15.699207" elapsed="0.000064"/>
</kw>
<kw name="Set To Dictionary" owner="Collections">
<var>${user}</var>
<arg>${user}</arg>
<arg>name=${name}</arg>
<doc>Adds the given ``key_value_pairs`` and/or ``items`` to the ``dictionary``.</doc>
<status status="NOT RUN" start="2026-03-11T17:48:15.699453" elapsed="0.000050"/>
</kw>
<kw name="Get Text" owner="SeleniumLibrary">
<var>${total_spent}</var>
<arg>((//tbody//tr)[${i+1}]//td)[5]</arg>
<doc>Returns the text value of the element identified by ``locator``.</doc>
<status status="NOT RUN" start="2026-03-11T17:48:15.699683" elapsed="0.000049"/>
</kw>
<kw name="Set To Dictionary" owner="Collections">
<var>${user}</var>
<arg>${user}</arg>
<arg>total_spent=${total_spent}</arg>
<doc>Adds the given ``key_value_pairs`` and/or ``items`` to the ``dictionary``.</doc>
<status status="NOT RUN" start="2026-03-11T17:48:15.699904" elapsed="0.000049"/>
</kw>
<kw name="Append To List" owner="Collections">
<arg>${users}</arg>
<arg>${user}</arg>
<doc>Adds ``values`` to the end of ``list``.</doc>
<status status="NOT RUN" start="2026-03-11T17:48:15.700151" elapsed="0.000048"/>
</kw>
<status status="NOT RUN" start="2026-03-11T17:48:15.697847" elapsed="0.002424"/>
</branch>
<status status="PASS" start="2026-03-11T17:48:15.697773" elapsed="0.002569"/>
</if>
<var name="${i}">2</var>
<var name="${elem}">&lt;selenium.webdriver.remote.webelement.WebElement (session="ad7f74c351c69c8d86d0fa84988cf13c", element="f.9F924BE7D317396CE8ADF85D84E9B3ED.d.0F70A49D6F612ACBF432A8B3DD96F356.e.94")&gt;</var>
<status status="PASS" start="2026-03-11T17:48:15.665726" elapsed="0.034661"/>
</iter>
<iter>
<kw name="Get Text" owner="SeleniumLibrary">
<msg time="2026-03-11T17:48:15.738780" level="INFO">${total_spent} = $0.00</msg>
<var>${total_spent}</var>
<arg>((//tbody//tr)[${i+1}]//td)[5]</arg>
<doc>Returns the text value of the element identified by ``locator``.</doc>
<status status="PASS" start="2026-03-11T17:48:15.700953" elapsed="0.037964"/>
</kw>
<if>
<branch type="IF" condition="$total_spent != '$0.00'">
<kw name="Create Dictionary" owner="BuiltIn">
<var>${user}</var>
<doc>Creates and returns a dictionary based on the given ``items``.</doc>
<status status="NOT RUN" start="2026-03-11T17:48:15.739861" elapsed="0.000068"/>
</kw>
<kw name="Get Text" owner="SeleniumLibrary">
<var>${name}</var>
<arg>((//tbody//tr)[${i+1}]//td)[2]</arg>
<doc>Returns the text value of the element identified by ``locator``.</doc>
<status status="NOT RUN" start="2026-03-11T17:48:15.740131" elapsed="0.000051"/>
</kw>
<kw name="Clean Text" owner="Customers">
<var>${name}</var>
<arg>${name}</arg>
<status status="NOT RUN" start="2026-03-11T17:48:15.740641" elapsed="0.000064"/>
</kw>
<kw name="Set To Dictionary" owner="Collections">
<var>${user}</var>
<arg>${user}</arg>
<arg>name=${name}</arg>
<doc>Adds the given ``key_value_pairs`` and/or ``items`` to the ``dictionary``.</doc>
<status status="NOT RUN" start="2026-03-11T17:48:15.740892" elapsed="0.000050"/>
</kw>
<kw name="Get Text" owner="SeleniumLibrary">
<var>${total_spent}</var>
<arg>((//tbody//tr)[${i+1}]//td)[5]</arg>
<doc>Returns the text value of the element identified by ``locator``.</doc>
<status status="NOT RUN" start="2026-03-11T17:48:15.741126" elapsed="0.000049"/>
</kw>
<kw name="Set To Dictionary" owner="Collections">
<var>${user}</var>
<arg>${user}</arg>
<arg>total_spent=${total_spent}</arg>
<doc>Adds the given ``key_value_pairs`` and/or ``items`` to the ``dictionary``.</doc>
<status status="NOT RUN" start="2026-03-11T17:48:15.741380" elapsed="0.000050"/>
</kw>
<kw name="Append To List" owner="Collections">
<arg>${users}</arg>
<arg>${user}</arg>
<doc>Adds ``values`` to the end of ``list``.</doc>
<status status="NOT RUN" start="2026-03-11T17:48:15.741683" elapsed="0.000051"/>
</kw>
<status status="NOT RUN" start="2026-03-11T17:48:15.739247" elapsed="0.002599"/>
</branch>
<status status="PASS" start="2026-03-11T17:48:15.739169" elapsed="0.002878"/>
</if>
<var name="${i}">3</var>
<var name="${elem}">&lt;selenium.webdriver.remote.webelement.WebElement (session="ad7f74c351c69c8d86d0fa84988cf13c", element="f.9F924BE7D317396CE8ADF85D84E9B3ED.d.0F70A49D6F612ACBF432A8B3DD96F356.e.95")&gt;</var>
<status status="PASS" start="2026-03-11T17:48:15.700785" elapsed="0.041321"/>
</iter>
<iter>
<kw name="Get Text" owner="SeleniumLibrary">
<msg time="2026-03-11T17:48:15.780724" level="INFO">${total_spent} = $0.00</msg>
<var>${total_spent}</var>
<arg>((//tbody//tr)[${i+1}]//td)[5]</arg>
<doc>Returns the text value of the element identified by ``locator``.</doc>
<status status="PASS" start="2026-03-11T17:48:15.742752" elapsed="0.038110"/>
</kw>
<if>
<branch type="IF" condition="$total_spent != '$0.00'">
<kw name="Create Dictionary" owner="BuiltIn">
<var>${user}</var>
<doc>Creates and returns a dictionary based on the given ``items``.</doc>
<status status="NOT RUN" start="2026-03-11T17:48:15.781818" elapsed="0.000066"/>
</kw>
<kw name="Get Text" owner="SeleniumLibrary">
<var>${name}</var>
<arg>((//tbody//tr)[${i+1}]//td)[2]</arg>
<doc>Returns the text value of the element identified by ``locator``.</doc>
<status status="NOT RUN" start="2026-03-11T17:48:15.782085" elapsed="0.000052"/>
</kw>
<kw name="Clean Text" owner="Customers">
<var>${name}</var>
<arg>${name}</arg>
<status status="NOT RUN" start="2026-03-11T17:48:15.782589" elapsed="0.000065"/>
</kw>
<kw name="Set To Dictionary" owner="Collections">
<var>${user}</var>
<arg>${user}</arg>
<arg>name=${name}</arg>
<doc>Adds the given ``key_value_pairs`` and/or ``items`` to the ``dictionary``.</doc>
<status status="NOT RUN" start="2026-03-11T17:48:15.782838" elapsed="0.000050"/>
</kw>
<kw name="Get Text" owner="SeleniumLibrary">
<var>${total_spent}</var>
<arg>((//tbody//tr)[${i+1}]//td)[5]</arg>
<doc>Returns the text value of the element identified by ``locator``.</doc>
<status status="NOT RUN" start="2026-03-11T17:48:15.783073" elapsed="0.000048"/>
</kw>
<kw name="Set To Dictionary" owner="Collections">
<var>${user}</var>
<arg>${user}</arg>
<arg>total_spent=${total_spent}</arg>
<doc>Adds the given ``key_value_pairs`` and/or ``items`` to the ``dictionary``.</doc>
<status status="NOT RUN" start="2026-03-11T17:48:15.783293" elapsed="0.000049"/>
</kw>
<kw name="Append To List" owner="Collections">
<arg>${users}</arg>
<arg>${user}</arg>
<doc>Adds ``values`` to the end of ``list``.</doc>
<status status="NOT RUN" start="2026-03-11T17:48:15.783516" elapsed="0.000048"/>
</kw>
<status status="NOT RUN" start="2026-03-11T17:48:15.781198" elapsed="0.002439"/>
</branch>
<status status="PASS" start="2026-03-11T17:48:15.781122" elapsed="0.002586"/>
</if>
<var name="${i}">4</var>
<var name="${elem}">&lt;selenium.webdriver.remote.webelement.WebElement (session="ad7f74c351c69c8d86d0fa84988cf13c", element="f.9F924BE7D317396CE8ADF85D84E9B3ED.d.0F70A49D6F612ACBF432A8B3DD96F356.e.96")&gt;</var>
<status status="PASS" start="2026-03-11T17:48:15.742558" elapsed="0.041197"/>
</iter>
<iter>
<kw name="Get Text" owner="SeleniumLibrary">
<msg time="2026-03-11T17:48:15.823834" level="INFO">${total_spent} = $0.00</msg>
<var>${total_spent}</var>
<arg>((//tbody//tr)[${i+1}]//td)[5]</arg>
<doc>Returns the text value of the element identified by ``locator``.</doc>
<status status="PASS" start="2026-03-11T17:48:15.784319" elapsed="0.039653"/>
</kw>
<if>
<branch type="IF" condition="$total_spent != '$0.00'">
<kw name="Create Dictionary" owner="BuiltIn">
<var>${user}</var>
<doc>Creates and returns a dictionary based on the given ``items``.</doc>
<status status="NOT RUN" start="2026-03-11T17:48:15.824923" elapsed="0.000066"/>
</kw>
<kw name="Get Text" owner="SeleniumLibrary">
<var>${name}</var>
<arg>((//tbody//tr)[${i+1}]//td)[2]</arg>
<doc>Returns the text value of the element identified by ``locator``.</doc>
<status status="NOT RUN" start="2026-03-11T17:48:15.825224" elapsed="0.000051"/>
</kw>
<kw name="Clean Text" owner="Customers">
<var>${name}</var>
<arg>${name}</arg>
<status status="NOT RUN" start="2026-03-11T17:48:15.825750" elapsed="0.000066"/>
</kw>
<kw name="Set To Dictionary" owner="Collections">
<var>${user}</var>
<arg>${user}</arg>
<arg>name=${name}</arg>
<doc>Adds the given ``key_value_pairs`` and/or ``items`` to the ``dictionary``.</doc>
<status status="NOT RUN" start="2026-03-11T17:48:15.826001" elapsed="0.000051"/>
</kw>
<kw name="Get Text" owner="SeleniumLibrary">
<var>${total_spent}</var>
<arg>((//tbody//tr)[${i+1}]//td)[5]</arg>
<doc>Returns the text value of the element identified by ``locator``.</doc>
<status status="NOT RUN" start="2026-03-11T17:48:15.826238" elapsed="0.000318"/>
</kw>
<kw name="Set To Dictionary" owner="Collections">
<var>${user}</var>
<arg>${user}</arg>
<arg>total_spent=${total_spent}</arg>
<doc>Adds the given ``key_value_pairs`` and/or ``items`` to the ``dictionary``.</doc>
<status status="NOT RUN" start="2026-03-11T17:48:15.826742" elapsed="0.000050"/>
</kw>
<kw name="Append To List" owner="Collections">
<arg>${users}</arg>
<arg>${user}</arg>
<doc>Adds ``values`` to the end of ``list``.</doc>
<status status="NOT RUN" start="2026-03-11T17:48:15.826969" elapsed="0.000050"/>
</kw>
<status status="NOT RUN" start="2026-03-11T17:48:15.824303" elapsed="0.002790"/>
</branch>
<status status="PASS" start="2026-03-11T17:48:15.824228" elapsed="0.002937"/>
</if>
<var name="${i}">5</var>
<var name="${elem}">&lt;selenium.webdriver.remote.webelement.WebElement (session="ad7f74c351c69c8d86d0fa84988cf13c", element="f.9F924BE7D317396CE8ADF85D84E9B3ED.d.0F70A49D6F612ACBF432A8B3DD96F356.e.97")&gt;</var>
<status status="PASS" start="2026-03-11T17:48:15.784152" elapsed="0.043061"/>
</iter>
<iter>
<kw name="Get Text" owner="SeleniumLibrary">
<msg time="2026-03-11T17:48:15.867020" level="INFO">${total_spent} = $0.00</msg>
<var>${total_spent}</var>
<arg>((//tbody//tr)[${i+1}]//td)[5]</arg>
<doc>Returns the text value of the element identified by ``locator``.</doc>
<status status="PASS" start="2026-03-11T17:48:15.827773" elapsed="0.039380"/>
</kw>
<if>
<branch type="IF" condition="$total_spent != '$0.00'">
<kw name="Create Dictionary" owner="BuiltIn">
<var>${user}</var>
<doc>Creates and returns a dictionary based on the given ``items``.</doc>
<status status="NOT RUN" start="2026-03-11T17:48:15.868097" elapsed="0.000069"/>
</kw>
<kw name="Get Text" owner="SeleniumLibrary">
<var>${name}</var>
<arg>((//tbody//tr)[${i+1}]//td)[2]</arg>
<doc>Returns the text value of the element identified by ``locator``.</doc>
<status status="NOT RUN" start="2026-03-11T17:48:15.868386" elapsed="0.000053"/>
</kw>
<kw name="Clean Text" owner="Customers">
<var>${name}</var>
<arg>${name}</arg>
<status status="NOT RUN" start="2026-03-11T17:48:15.868923" elapsed="0.000076"/>
</kw>
<kw name="Set To Dictionary" owner="Collections">
<var>${user}</var>
<arg>${user}</arg>
<arg>name=${name}</arg>
<doc>Adds the given ``key_value_pairs`` and/or ``items`` to the ``dictionary``.</doc>
<status status="NOT RUN" start="2026-03-11T17:48:15.869218" elapsed="0.000056"/>
</kw>
<kw name="Get Text" owner="SeleniumLibrary">
<var>${total_spent}</var>
<arg>((//tbody//tr)[${i+1}]//td)[5]</arg>
<doc>Returns the text value of the element identified by ``locator``.</doc>
<status status="NOT RUN" start="2026-03-11T17:48:15.869480" elapsed="0.000081"/>
</kw>
<kw name="Set To Dictionary" owner="Collections">
<var>${user}</var>
<arg>${user}</arg>
<arg>total_spent=${total_spent}</arg>
<doc>Adds the given ``key_value_pairs`` and/or ``items`` to the ``dictionary``.</doc>
<status status="NOT RUN" start="2026-03-11T17:48:15.869764" elapsed="0.000054"/>
</kw>
<kw name="Append To List" owner="Collections">
<arg>${users}</arg>
<arg>${user}</arg>
<doc>Adds ``values`` to the end of ``list``.</doc>
<status status="NOT RUN" start="2026-03-11T17:48:15.870006" elapsed="0.000052"/>
</kw>
<status status="NOT RUN" start="2026-03-11T17:48:15.867491" elapsed="0.002645"/>
</branch>
<status status="PASS" start="2026-03-11T17:48:15.867415" elapsed="0.002815"/>
</if>
<var name="${i}">6</var>
<var name="${elem}">&lt;selenium.webdriver.remote.webelement.WebElement (session="ad7f74c351c69c8d86d0fa84988cf13c", element="f.9F924BE7D317396CE8ADF85D84E9B3ED.d.0F70A49D6F612ACBF432A8B3DD96F356.e.98")&gt;</var>
<status status="PASS" start="2026-03-11T17:48:15.827607" elapsed="0.042685"/>
</iter>
<iter>
<kw name="Get Text" owner="SeleniumLibrary">
<msg time="2026-03-11T17:48:15.910928" level="INFO">${total_spent} = $579.00</msg>
<var>${total_spent}</var>
<arg>((//tbody//tr)[${i+1}]//td)[5]</arg>
<doc>Returns the text value of the element identified by ``locator``.</doc>
<status status="PASS" start="2026-03-11T17:48:15.871428" elapsed="0.039681"/>
</kw>
<if>
<branch type="IF" condition="$total_spent != '$0.00'">
<kw name="Create Dictionary" owner="BuiltIn">
<msg time="2026-03-11T17:48:15.913433" level="INFO">${user} = {}</msg>
<var>${user}</var>
<doc>Creates and returns a dictionary based on the given ``items``.</doc>
<status status="PASS" start="2026-03-11T17:48:15.912354" elapsed="0.001201"/>
</kw>
<kw name="Get Text" owner="SeleniumLibrary">
<msg time="2026-03-11T17:48:15.956363" level="INFO">${name} = Cassie Kovacek</msg>
<var>${name}</var>
<arg>((//tbody//tr)[${i+1}]//td)[2]</arg>
<doc>Returns the text value of the element identified by ``locator``.</doc>
<status status="PASS" start="2026-03-11T17:48:15.913960" elapsed="0.042594"/>
</kw>
<kw name="Clean Text" owner="Customers">
<if>
<branch type="IF" condition="&quot;\\n&quot; in &quot;&quot;&quot;${text}&quot;&quot;&quot;">
<kw name="Evaluate" owner="BuiltIn">
<var>${text}</var>
<arg>"""${text}""".replace("\\n","")[1:]</arg>
<doc>Evaluates the given expression in Python and returns the result.</doc>
<status status="NOT RUN" start="2026-03-11T17:48:15.959352" elapsed="0.000108"/>
</kw>
<status status="NOT RUN" start="2026-03-11T17:48:15.958611" elapsed="0.001013"/>
</branch>
<branch type="ELSE IF" condition="&quot;$&quot; or &quot;,&quot; in &quot;&quot;&quot;${text}&quot;&quot;&quot;">
<kw name="Evaluate" owner="BuiltIn">
<msg time="2026-03-11T17:48:15.961996" level="INFO">${text} = Cassie Kovacek</msg>
<var>${text}</var>
<arg>"""${text}""".replace("$","").replace(",","")</arg>
<doc>Evaluates the given expression in Python and returns the result.</doc>
<status status="PASS" start="2026-03-11T17:48:15.960420" elapsed="0.001688"/>
</kw>
<status status="PASS" start="2026-03-11T17:48:15.959750" elapsed="0.002531"/>
</branch>
<status status="PASS" start="2026-03-11T17:48:15.958534" elapsed="0.003871"/>
</if>
<kw name="Return From Keyword" owner="BuiltIn">
<msg time="2026-03-11T17:48:15.963607" level="INFO">Returning from the enclosing user keyword.</msg>
<arg>${text}</arg>
<doc>Returns from the enclosing user keyword.</doc>
<status status="PASS" start="2026-03-11T17:48:15.962780" elapsed="0.001046"/>
</kw>
<msg time="2026-03-11T17:48:15.964362" level="INFO">${name} = Cassie Kovacek</msg>
<var>${name}</var>
<arg>${name}</arg>
<status status="PASS" start="2026-03-11T17:48:15.957602" elapsed="0.006856"/>
</kw>
<kw name="Set To Dictionary" owner="Collections">
<msg time="2026-03-11T17:48:15.965864" level="INFO">${user} = {'name': 'Cassie Kovacek'}</msg>
<var>${user}</var>
<arg>${user}</arg>
<arg>name=${name}</arg>
<doc>Adds the given ``key_value_pairs`` and/or ``items`` to the ``dictionary``.</doc>
<status status="PASS" start="2026-03-11T17:48:15.964867" elapsed="0.001100"/>
</kw>
<kw name="Get Text" owner="SeleniumLibrary">
<msg time="2026-03-11T17:48:15.995455" level="INFO">${total_spent} = $579.00</msg>
<var>${total_spent}</var>
<arg>((//tbody//tr)[${i+1}]//td)[5]</arg>
<doc>Returns the text value of the element identified by ``locator``.</doc>
<status status="PASS" start="2026-03-11T17:48:15.966398" elapsed="0.029188"/>
</kw>
<kw name="Set To Dictionary" owner="Collections">
<msg time="2026-03-11T17:48:15.996773" level="INFO">${user} = {'name': 'Cassie Kovacek', 'total_spent': '$579.00'}</msg>
<var>${user}</var>
<arg>${user}</arg>
<arg>total_spent=${total_spent}</arg>
<doc>Adds the given ``key_value_pairs`` and/or ``items`` to the ``dictionary``.</doc>
<status status="PASS" start="2026-03-11T17:48:15.996067" elapsed="0.000765"/>
</kw>
<kw name="Append To List" owner="Collections">
<arg>${users}</arg>
<arg>${user}</arg>
<doc>Adds ``values`` to the end of ``list``.</doc>
<status status="PASS" start="2026-03-11T17:48:15.997149" elapsed="0.000657"/>
</kw>
<status status="PASS" start="2026-03-11T17:48:15.911549" elapsed="0.086423"/>
</branch>
<status status="PASS" start="2026-03-11T17:48:15.911451" elapsed="0.086622"/>
</if>
<var name="${i}">7</var>
<var name="${elem}">&lt;selenium.webdriver.remote.webelement.WebElement (session="ad7f74c351c69c8d86d0fa84988cf13c", element="f.9F924BE7D317396CE8ADF85D84E9B3ED.d.0F70A49D6F612ACBF432A8B3DD96F356.e.99")&gt;</var>
<status status="PASS" start="2026-03-11T17:48:15.871005" elapsed="0.127128"/>
</iter>
<iter>
<kw name="Get Text" owner="SeleniumLibrary">
<msg time="2026-03-11T17:48:16.030230" level="INFO">${total_spent} = $0.00</msg>
<var>${total_spent}</var>
<arg>((//tbody//tr)[${i+1}]//td)[5]</arg>
<doc>Returns the text value of the element identified by ``locator``.</doc>
<status status="PASS" start="2026-03-11T17:48:15.999089" elapsed="0.031278"/>
</kw>
<if>
<branch type="IF" condition="$total_spent != '$0.00'">
<kw name="Create Dictionary" owner="BuiltIn">
<var>${user}</var>
<doc>Creates and returns a dictionary based on the given ``items``.</doc>
<status status="NOT RUN" start="2026-03-11T17:48:16.031320" elapsed="0.000067"/>
</kw>
<kw name="Get Text" owner="SeleniumLibrary">
<var>${name}</var>
<arg>((//tbody//tr)[${i+1}]//td)[2]</arg>
<doc>Returns the text value of the element identified by ``locator``.</doc>
<status status="NOT RUN" start="2026-03-11T17:48:16.031587" elapsed="0.000050"/>
</kw>
<kw name="Clean Text" owner="Customers">
<var>${name}</var>
<arg>${name}</arg>
<status status="NOT RUN" start="2026-03-11T17:48:16.032088" elapsed="0.000065"/>
</kw>
<kw name="Set To Dictionary" owner="Collections">
<var>${user}</var>
<arg>${user}</arg>
<arg>name=${name}</arg>
<doc>Adds the given ``key_value_pairs`` and/or ``items`` to the ``dictionary``.</doc>
<status status="NOT RUN" start="2026-03-11T17:48:16.032335" elapsed="0.000051"/>
</kw>
<kw name="Get Text" owner="SeleniumLibrary">
<var>${total_spent}</var>
<arg>((//tbody//tr)[${i+1}]//td)[5]</arg>
<doc>Returns the text value of the element identified by ``locator``.</doc>
<status status="NOT RUN" start="2026-03-11T17:48:16.032567" elapsed="0.000049"/>
</kw>
<kw name="Set To Dictionary" owner="Collections">
<var>${user}</var>
<arg>${user}</arg>
<arg>total_spent=${total_spent}</arg>
<doc>Adds the given ``key_value_pairs`` and/or ``items`` to the ``dictionary``.</doc>
<status status="NOT RUN" start="2026-03-11T17:48:16.032795" elapsed="0.000054"/>
</kw>
<kw name="Append To List" owner="Collections">
<arg>${users}</arg>
<arg>${user}</arg>
<doc>Adds ``values`` to the end of ``list``.</doc>
<status status="NOT RUN" start="2026-03-11T17:48:16.033027" elapsed="0.000049"/>
</kw>
<status status="NOT RUN" start="2026-03-11T17:48:16.030701" elapsed="0.002447"/>
</branch>
<status status="PASS" start="2026-03-11T17:48:16.030624" elapsed="0.002594"/>
</if>
<var name="${i}">8</var>
<var name="${elem}">&lt;selenium.webdriver.remote.webelement.WebElement (session="ad7f74c351c69c8d86d0fa84988cf13c", element="f.9F924BE7D317396CE8ADF85D84E9B3ED.d.0F70A49D6F612ACBF432A8B3DD96F356.e.100")&gt;</var>
<status status="PASS" start="2026-03-11T17:48:15.998691" elapsed="0.034573"/>
</iter>
<iter>
<kw name="Get Text" owner="SeleniumLibrary">
<msg time="2026-03-11T17:48:16.065328" level="INFO">${total_spent} = $568.08</msg>
<var>${total_spent}</var>
<arg>((//tbody//tr)[${i+1}]//td)[5]</arg>
<doc>Returns the text value of the element identified by ``locator``.</doc>
<status status="PASS" start="2026-03-11T17:48:16.033847" elapsed="0.031614"/>
</kw>
<if>
<branch type="IF" condition="$total_spent != '$0.00'">
<kw name="Create Dictionary" owner="BuiltIn">
<msg time="2026-03-11T17:48:16.067360" level="INFO">${user} = {}</msg>
<var>${user}</var>
<doc>Creates and returns a dictionary based on the given ``items``.</doc>
<status status="PASS" start="2026-03-11T17:48:16.066489" elapsed="0.000951"/>
</kw>
<kw name="Get Text" owner="SeleniumLibrary">
<msg time="2026-03-11T17:48:16.100357" level="INFO">${name} = Amos Willms</msg>
<var>${name}</var>
<arg>((//tbody//tr)[${i+1}]//td)[2]</arg>
<doc>Returns the text value of the element identified by ``locator``.</doc>
<status status="PASS" start="2026-03-11T17:48:16.067949" elapsed="0.032545"/>
</kw>
<kw name="Clean Text" owner="Customers">
<if>
<branch type="IF" condition="&quot;\\n&quot; in &quot;&quot;&quot;${text}&quot;&quot;&quot;">
<kw name="Evaluate" owner="BuiltIn">
<var>${text}</var>
<arg>"""${text}""".replace("\\n","")[1:]</arg>
<doc>Evaluates the given expression in Python and returns the result.</doc>
<status status="NOT RUN" start="2026-03-11T17:48:16.102371" elapsed="0.000067"/>
</kw>
<status status="NOT RUN" start="2026-03-11T17:48:16.101879" elapsed="0.000667"/>
</branch>
<branch type="ELSE IF" condition="&quot;$&quot; or &quot;,&quot; in &quot;&quot;&quot;${text}&quot;&quot;&quot;">
<kw name="Evaluate" owner="BuiltIn">
<msg time="2026-03-11T17:48:16.104174" level="INFO">${text} = Amos Willms</msg>
<var>${text}</var>
<arg>"""${text}""".replace("$","").replace(",","")</arg>
<doc>Evaluates the given expression in Python and returns the result.</doc>
<status status="PASS" start="2026-03-11T17:48:16.103038" elapsed="0.001238"/>
</kw>
<status status="PASS" start="2026-03-11T17:48:16.102617" elapsed="0.001817"/>
</branch>
<status status="PASS" start="2026-03-11T17:48:16.101823" elapsed="0.002699"/>
</if>
<kw name="Return From Keyword" owner="BuiltIn">
<msg time="2026-03-11T17:48:16.105439" level="INFO">Returning from the enclosing user keyword.</msg>
<arg>${text}</arg>
<doc>Returns from the enclosing user keyword.</doc>
<status status="PASS" start="2026-03-11T17:48:16.104854" elapsed="0.000748"/>
</kw>
<msg time="2026-03-11T17:48:16.105979" level="INFO">${name} = Amos Willms</msg>
<var>${name}</var>
<arg>${name}</arg>
<status status="PASS" start="2026-03-11T17:48:16.101204" elapsed="0.004829"/>
</kw>
<kw name="Set To Dictionary" owner="Collections">
<msg time="2026-03-11T17:48:16.107007" level="INFO">${user} = {'name': 'Amos Willms'}</msg>
<var>${user}</var>
<arg>${user}</arg>
<arg>name=${name}</arg>
<doc>Adds the given ``key_value_pairs`` and/or ``items`` to the ``dictionary``.</doc>
<status status="PASS" start="2026-03-11T17:48:16.106356" elapsed="0.000708"/>
</kw>
<kw name="Get Text" owner="SeleniumLibrary">
<msg time="2026-03-11T17:48:16.134310" level="INFO">${total_spent} = $568.08</msg>
<var>${total_spent}</var>
<arg>((//tbody//tr)[${i+1}]//td)[5]</arg>
<doc>Returns the text value of the element identified by ``locator``.</doc>
<status status="PASS" start="2026-03-11T17:48:16.107347" elapsed="0.027100"/>
</kw>
<kw name="Set To Dictionary" owner="Collections">
<msg time="2026-03-11T17:48:16.135762" level="INFO">${user} = {'name': 'Amos Willms', 'total_spent': '$568.08'}</msg>
<var>${user}</var>
<arg>${user}</arg>
<arg>total_spent=${total_spent}</arg>
<doc>Adds the given ``key_value_pairs`` and/or ``items`` to the ``dictionary``.</doc>
<status status="PASS" start="2026-03-11T17:48:16.134941" elapsed="0.000903"/>
</kw>
<kw name="Append To List" owner="Collections">
<arg>${users}</arg>
<arg>${user}</arg>
<doc>Adds ``values`` to the end of ``list``.</doc>
<status status="PASS" start="2026-03-11T17:48:16.136206" elapsed="0.000492"/>
</kw>
<status status="PASS" start="2026-03-11T17:48:16.065827" elapsed="0.070976"/>
</branch>
<status status="PASS" start="2026-03-11T17:48:16.065751" elapsed="0.071146"/>
</if>
<var name="${i}">9</var>
<var name="${elem}">&lt;selenium.webdriver.remote.webelement.WebElement (session="ad7f74c351c69c8d86d0fa84988cf13c", element="f.9F924BE7D317396CE8ADF85D84E9B3ED.d.0F70A49D6F612ACBF432A8B3DD96F356.e.101")&gt;</var>
<status status="PASS" start="2026-03-11T17:48:16.033680" elapsed="0.103272"/>
</iter>
<iter>
<kw name="Get Text" owner="SeleniumLibrary">
<msg time="2026-03-11T17:48:16.179431" level="INFO">${total_spent} = $0.00</msg>
<var>${total_spent}</var>
<arg>((//tbody//tr)[${i+1}]//td)[5]</arg>
<doc>Returns the text value of the element identified by ``locator``.</doc>
<status status="PASS" start="2026-03-11T17:48:16.137789" elapsed="0.041777"/>
</kw>
<if>
<branch type="IF" condition="$total_spent != '$0.00'">
<kw name="Create Dictionary" owner="BuiltIn">
<var>${user}</var>
<doc>Creates and returns a dictionary based on the given ``items``.</doc>
<status status="NOT RUN" start="2026-03-11T17:48:16.180502" elapsed="0.000066"/>
</kw>
<kw name="Get Text" owner="SeleniumLibrary">
<var>${name}</var>
<arg>((//tbody//tr)[${i+1}]//td)[2]</arg>
<doc>Returns the text value of the element identified by ``locator``.</doc>
<status status="NOT RUN" start="2026-03-11T17:48:16.180770" elapsed="0.000052"/>
</kw>
<kw name="Clean Text" owner="Customers">
<var>${name}</var>
<arg>${name}</arg>
<status status="NOT RUN" start="2026-03-11T17:48:16.181270" elapsed="0.000064"/>
</kw>
<kw name="Set To Dictionary" owner="Collections">
<var>${user}</var>
<arg>${user}</arg>
<arg>name=${name}</arg>
<doc>Adds the given ``key_value_pairs`` and/or ``items`` to the ``dictionary``.</doc>
<status status="NOT RUN" start="2026-03-11T17:48:16.181542" elapsed="0.000066"/>
</kw>
<kw name="Get Text" owner="SeleniumLibrary">
<var>${total_spent}</var>
<arg>((//tbody//tr)[${i+1}]//td)[5]</arg>
<doc>Returns the text value of the element identified by ``locator``.</doc>
<status status="NOT RUN" start="2026-03-11T17:48:16.181795" elapsed="0.000049"/>
</kw>
<kw name="Set To Dictionary" owner="Collections">
<var>${user}</var>
<arg>${user}</arg>
<arg>total_spent=${total_spent}</arg>
<doc>Adds the given ``key_value_pairs`` and/or ``items`` to the ``dictionary``.</doc>
<status status="NOT RUN" start="2026-03-11T17:48:16.182019" elapsed="0.000048"/>
</kw>
<kw name="Append To List" owner="Collections">
<arg>${users}</arg>
<arg>${user}</arg>
<doc>Adds ``values`` to the end of ``list``.</doc>
<status status="NOT RUN" start="2026-03-11T17:48:16.182242" elapsed="0.000049"/>
</kw>
<status status="NOT RUN" start="2026-03-11T17:48:16.179900" elapsed="0.002461"/>
</branch>
<status status="PASS" start="2026-03-11T17:48:16.179825" elapsed="0.002612"/>
</if>
<var name="${i}">10</var>
<var name="${elem}">&lt;selenium.webdriver.remote.webelement.WebElement (session="ad7f74c351c69c8d86d0fa84988cf13c", element="f.9F924BE7D317396CE8ADF85D84E9B3ED.d.0F70A49D6F612ACBF432A8B3DD96F356.e.102")&gt;</var>
<status status="PASS" start="2026-03-11T17:48:16.137427" elapsed="0.045059"/>
</iter>
<iter>
<kw name="Get Text" owner="SeleniumLibrary">
<msg time="2026-03-11T17:48:16.212787" level="INFO">${total_spent} = $0.00</msg>
<var>${total_spent}</var>
<arg>((//tbody//tr)[${i+1}]//td)[5]</arg>
<doc>Returns the text value of the element identified by ``locator``.</doc>
<status status="PASS" start="2026-03-11T17:48:16.183100" elapsed="0.029822"/>
</kw>
<if>
<branch type="IF" condition="$total_spent != '$0.00'">
<kw name="Create Dictionary" owner="BuiltIn">
<var>${user}</var>
<doc>Creates and returns a dictionary based on the given ``items``.</doc>
<status status="NOT RUN" start="2026-03-11T17:48:16.213897" elapsed="0.000066"/>
</kw>
<kw name="Get Text" owner="SeleniumLibrary">
<var>${name}</var>
<arg>((//tbody//tr)[${i+1}]//td)[2]</arg>
<doc>Returns the text value of the element identified by ``locator``.</doc>
<status status="NOT RUN" start="2026-03-11T17:48:16.214165" elapsed="0.000051"/>
</kw>
<kw name="Clean Text" owner="Customers">
<var>${name}</var>
<arg>${name}</arg>
<status status="NOT RUN" start="2026-03-11T17:48:16.214671" elapsed="0.000064"/>
</kw>
<kw name="Set To Dictionary" owner="Collections">
<var>${user}</var>
<arg>${user}</arg>
<arg>name=${name}</arg>
<doc>Adds the given ``key_value_pairs`` and/or ``items`` to the ``dictionary``.</doc>
<status status="NOT RUN" start="2026-03-11T17:48:16.214917" elapsed="0.000050"/>
</kw>
<kw name="Get Text" owner="SeleniumLibrary">
<var>${total_spent}</var>
<arg>((//tbody//tr)[${i+1}]//td)[5]</arg>
<doc>Returns the text value of the element identified by ``locator``.</doc>
<status status="NOT RUN" start="2026-03-11T17:48:16.215149" elapsed="0.000048"/>
</kw>
<kw name="Set To Dictionary" owner="Collections">
<var>${user}</var>
<arg>${user}</arg>
<arg>total_spent=${total_spent}</arg>
<doc>Adds the given ``key_value_pairs`` and/or ``items`` to the ``dictionary``.</doc>
<status status="NOT RUN" start="2026-03-11T17:48:16.215511" elapsed="0.000054"/>
</kw>
<kw name="Append To List" owner="Collections">
<arg>${users}</arg>
<arg>${user}</arg>
<doc>Adds ``values`` to the end of ``list``.</doc>
<status status="NOT RUN" start="2026-03-11T17:48:16.215743" elapsed="0.000050"/>
</kw>
<status status="NOT RUN" start="2026-03-11T17:48:16.213260" elapsed="0.002609"/>
</branch>
<status status="PASS" start="2026-03-11T17:48:16.213184" elapsed="0.002779"/>
</if>
<var name="${i}">11</var>
<var name="${elem}">&lt;selenium.webdriver.remote.webelement.WebElement (session="ad7f74c351c69c8d86d0fa84988cf13c", element="f.9F924BE7D317396CE8ADF85D84E9B3ED.d.0F70A49D6F612ACBF432A8B3DD96F356.e.103")&gt;</var>
<status status="PASS" start="2026-03-11T17:48:16.182929" elapsed="0.033088"/>
</iter>
<iter>
<kw name="Get Text" owner="SeleniumLibrary">
<msg time="2026-03-11T17:48:16.248966" level="INFO">${total_spent} = $0.00</msg>
<var>${total_spent}</var>
<arg>((//tbody//tr)[${i+1}]//td)[5]</arg>
<doc>Returns the text value of the element identified by ``locator``.</doc>
<status status="PASS" start="2026-03-11T17:48:16.216608" elapsed="0.032489"/>
</kw>
<if>
<branch type="IF" condition="$total_spent != '$0.00'">
<kw name="Create Dictionary" owner="BuiltIn">
<var>${user}</var>
<doc>Creates and returns a dictionary based on the given ``items``.</doc>
<status status="NOT RUN" start="2026-03-11T17:48:16.250070" elapsed="0.000071"/>
</kw>
<kw name="Get Text" owner="SeleniumLibrary">
<var>${name}</var>
<arg>((//tbody//tr)[${i+1}]//td)[2]</arg>
<doc>Returns the text value of the element identified by ``locator``.</doc>
<status status="NOT RUN" start="2026-03-11T17:48:16.250345" elapsed="0.000051"/>
</kw>
<kw name="Clean Text" owner="Customers">
<var>${name}</var>
<arg>${name}</arg>
<status status="NOT RUN" start="2026-03-11T17:48:16.250855" elapsed="0.000067"/>
</kw>
<kw name="Set To Dictionary" owner="Collections">
<var>${user}</var>
<arg>${user}</arg>
<arg>name=${name}</arg>
<doc>Adds the given ``key_value_pairs`` and/or ``items`` to the ``dictionary``.</doc>
<status status="NOT RUN" start="2026-03-11T17:48:16.251123" elapsed="0.000052"/>
</kw>
<kw name="Get Text" owner="SeleniumLibrary">
<var>${total_spent}</var>
<arg>((//tbody//tr)[${i+1}]//td)[5]</arg>
<doc>Returns the text value of the element identified by ``locator``.</doc>
<status status="NOT RUN" start="2026-03-11T17:48:16.251360" elapsed="0.000049"/>
</kw>
<kw name="Set To Dictionary" owner="Collections">
<var>${user}</var>
<arg>${user}</arg>
<arg>total_spent=${total_spent}</arg>
<doc>Adds the given ``key_value_pairs`` and/or ``items`` to the ``dictionary``.</doc>
<status status="NOT RUN" start="2026-03-11T17:48:16.251580" elapsed="0.000049"/>
</kw>
<kw name="Append To List" owner="Collections">
<arg>${users}</arg>
<arg>${user}</arg>
<doc>Adds ``values`` to the end of ``list``.</doc>
<status status="NOT RUN" start="2026-03-11T17:48:16.251802" elapsed="0.000048"/>
</kw>
<status status="NOT RUN" start="2026-03-11T17:48:16.249425" elapsed="0.002495"/>
</branch>
<status status="PASS" start="2026-03-11T17:48:16.249351" elapsed="0.002643"/>
</if>
<var name="${i}">12</var>
<var name="${elem}">&lt;selenium.webdriver.remote.webelement.WebElement (session="ad7f74c351c69c8d86d0fa84988cf13c", element="f.9F924BE7D317396CE8ADF85D84E9B3ED.d.0F70A49D6F612ACBF432A8B3DD96F356.e.104")&gt;</var>
<status status="PASS" start="2026-03-11T17:48:16.216438" elapsed="0.035606"/>
</iter>
<iter>
<kw name="Get Text" owner="SeleniumLibrary">
<msg time="2026-03-11T17:48:16.282353" level="INFO">${total_spent} = $0.00</msg>
<var>${total_spent}</var>
<arg>((//tbody//tr)[${i+1}]//td)[5]</arg>
<doc>Returns the text value of the element identified by ``locator``.</doc>
<status status="PASS" start="2026-03-11T17:48:16.252627" elapsed="0.029857"/>
</kw>
<if>
<branch type="IF" condition="$total_spent != '$0.00'">
<kw name="Create Dictionary" owner="BuiltIn">
<var>${user}</var>
<doc>Creates and returns a dictionary based on the given ``items``.</doc>
<status status="NOT RUN" start="2026-03-11T17:48:16.283446" elapsed="0.000065"/>
</kw>
<kw name="Get Text" owner="SeleniumLibrary">
<var>${name}</var>
<arg>((//tbody//tr)[${i+1}]//td)[2]</arg>
<doc>Returns the text value of the element identified by ``locator``.</doc>
<status status="NOT RUN" start="2026-03-11T17:48:16.283710" elapsed="0.000051"/>
</kw>
<kw name="Clean Text" owner="Customers">
<var>${name}</var>
<arg>${name}</arg>
<status status="NOT RUN" start="2026-03-11T17:48:16.284563" elapsed="0.000068"/>
</kw>
<kw name="Set To Dictionary" owner="Collections">
<var>${user}</var>
<arg>${user}</arg>
<arg>name=${name}</arg>
<doc>Adds the given ``key_value_pairs`` and/or ``items`` to the ``dictionary``.</doc>
<status status="NOT RUN" start="2026-03-11T17:48:16.284827" elapsed="0.000053"/>
</kw>
<kw name="Get Text" owner="SeleniumLibrary">
<var>${total_spent}</var>
<arg>((//tbody//tr)[${i+1}]//td)[5]</arg>
<doc>Returns the text value of the element identified by ``locator``.</doc>
<status status="NOT RUN" start="2026-03-11T17:48:16.285071" elapsed="0.000051"/>
</kw>
<kw name="Set To Dictionary" owner="Collections">
<var>${user}</var>
<arg>${user}</arg>
<arg>total_spent=${total_spent}</arg>
<doc>Adds the given ``key_value_pairs`` and/or ``items`` to the ``dictionary``.</doc>
<status status="NOT RUN" start="2026-03-11T17:48:16.285302" elapsed="0.000050"/>
</kw>
<kw name="Append To List" owner="Collections">
<arg>${users}</arg>
<arg>${user}</arg>
<doc>Adds ``values`` to the end of ``list``.</doc>
<status status="NOT RUN" start="2026-03-11T17:48:16.285543" elapsed="0.000051"/>
</kw>
<status status="NOT RUN" start="2026-03-11T17:48:16.282822" elapsed="0.002846"/>
</branch>
<status status="PASS" start="2026-03-11T17:48:16.282744" elapsed="0.002996"/>
</if>
<var name="${i}">13</var>
<var name="${elem}">&lt;selenium.webdriver.remote.webelement.WebElement (session="ad7f74c351c69c8d86d0fa84988cf13c", element="f.9F924BE7D317396CE8ADF85D84E9B3ED.d.0F70A49D6F612ACBF432A8B3DD96F356.e.105")&gt;</var>
<status status="PASS" start="2026-03-11T17:48:16.252460" elapsed="0.033327"/>
</iter>
<iter>
<kw name="Get Text" owner="SeleniumLibrary">
<msg time="2026-03-11T17:48:16.335987" level="INFO">${total_spent} = $0.00</msg>
<var>${total_spent}</var>
<arg>((//tbody//tr)[${i+1}]//td)[5]</arg>
<doc>Returns the text value of the element identified by ``locator``.</doc>
<status status="PASS" start="2026-03-11T17:48:16.286359" elapsed="0.049762"/>
</kw>
<if>
<branch type="IF" condition="$total_spent != '$0.00'">
<kw name="Create Dictionary" owner="BuiltIn">
<var>${user}</var>
<doc>Creates and returns a dictionary based on the given ``items``.</doc>
<status status="NOT RUN" start="2026-03-11T17:48:16.337029" elapsed="0.000066"/>
</kw>
<kw name="Get Text" owner="SeleniumLibrary">
<var>${name}</var>
<arg>((//tbody//tr)[${i+1}]//td)[2]</arg>
<doc>Returns the text value of the element identified by ``locator``.</doc>
<status status="NOT RUN" start="2026-03-11T17:48:16.337303" elapsed="0.000051"/>
</kw>
<kw name="Clean Text" owner="Customers">
<var>${name}</var>
<arg>${name}</arg>
<status status="NOT RUN" start="2026-03-11T17:48:16.337885" elapsed="0.000095"/>
</kw>
<kw name="Set To Dictionary" owner="Collections">
<var>${user}</var>
<arg>${user}</arg>
<arg>name=${name}</arg>
<doc>Adds the given ``key_value_pairs`` and/or ``items`` to the ``dictionary``.</doc>
<status status="NOT RUN" start="2026-03-11T17:48:16.338238" elapsed="0.000056"/>
</kw>
<kw name="Get Text" owner="SeleniumLibrary">
<var>${total_spent}</var>
<arg>((//tbody//tr)[${i+1}]//td)[5]</arg>
<doc>Returns the text value of the element identified by ``locator``.</doc>
<status status="NOT RUN" start="2026-03-11T17:48:16.338504" elapsed="0.000048"/>
</kw>
<kw name="Set To Dictionary" owner="Collections">
<var>${user}</var>
<arg>${user}</arg>
<arg>total_spent=${total_spent}</arg>
<doc>Adds the given ``key_value_pairs`` and/or ``items`` to the ``dictionary``.</doc>
<status status="NOT RUN" start="2026-03-11T17:48:16.338733" elapsed="0.000052"/>
</kw>
<kw name="Append To List" owner="Collections">
<arg>${users}</arg>
<arg>${user}</arg>
<doc>Adds ``values`` to the end of ``list``.</doc>
<status status="NOT RUN" start="2026-03-11T17:48:16.339142" elapsed="0.000065"/>
</kw>
<status status="NOT RUN" start="2026-03-11T17:48:16.336451" elapsed="0.002839"/>
</branch>
<status status="PASS" start="2026-03-11T17:48:16.336375" elapsed="0.003013"/>
</if>
<var name="${i}">14</var>
<var name="${elem}">&lt;selenium.webdriver.remote.webelement.WebElement (session="ad7f74c351c69c8d86d0fa84988cf13c", element="f.9F924BE7D317396CE8ADF85D84E9B3ED.d.0F70A49D6F612ACBF432A8B3DD96F356.e.106")&gt;</var>
<status status="PASS" start="2026-03-11T17:48:16.286191" elapsed="0.053259"/>
</iter>
<iter>
<kw name="Get Text" owner="SeleniumLibrary">
<msg time="2026-03-11T17:48:16.384425" level="INFO">${total_spent} = $483.70</msg>
<var>${total_spent}</var>
<arg>((//tbody//tr)[${i+1}]//td)[5]</arg>
<doc>Returns the text value of the element identified by ``locator``.</doc>
<status status="PASS" start="2026-03-11T17:48:16.340410" elapsed="0.044146"/>
</kw>
<if>
<branch type="IF" condition="$total_spent != '$0.00'">
<kw name="Create Dictionary" owner="BuiltIn">
<msg time="2026-03-11T17:48:16.386327" level="INFO">${user} = {}</msg>
<var>${user}</var>
<doc>Creates and returns a dictionary based on the given ``items``.</doc>
<status status="PASS" start="2026-03-11T17:48:16.385468" elapsed="0.000926"/>
</kw>
<kw name="Get Text" owner="SeleniumLibrary">
<msg time="2026-03-11T17:48:16.416998" level="INFO">${name} = Omari Von</msg>
<var>${name}</var>
<arg>((//tbody//tr)[${i+1}]//td)[2]</arg>
<doc>Returns the text value of the element identified by ``locator``.</doc>
<status status="PASS" start="2026-03-11T17:48:16.386702" elapsed="0.030430"/>
</kw>
<kw name="Clean Text" owner="Customers">
<if>
<branch type="IF" condition="&quot;\\n&quot; in &quot;&quot;&quot;${text}&quot;&quot;&quot;">
<kw name="Evaluate" owner="BuiltIn">
<var>${text}</var>
<arg>"""${text}""".replace("\\n","")[1:]</arg>
<doc>Evaluates the given expression in Python and returns the result.</doc>
<status status="NOT RUN" start="2026-03-11T17:48:16.418917" elapsed="0.000057"/>
</kw>
<status status="NOT RUN" start="2026-03-11T17:48:16.418493" elapsed="0.000570"/>
</branch>
<branch type="ELSE IF" condition="&quot;$&quot; or &quot;,&quot; in &quot;&quot;&quot;${text}&quot;&quot;&quot;">
<kw name="Evaluate" owner="BuiltIn">
<msg time="2026-03-11T17:48:16.420422" level="INFO">${text} = Omari Von</msg>
<var>${text}</var>
<arg>"""${text}""".replace("$","").replace(",","")</arg>
<doc>Evaluates the given expression in Python and returns the result.</doc>
<status status="PASS" start="2026-03-11T17:48:16.419487" elapsed="0.000996"/>
</kw>
<status status="PASS" start="2026-03-11T17:48:16.419131" elapsed="0.001445"/>
</branch>
<status status="PASS" start="2026-03-11T17:48:16.418443" elapsed="0.002197"/>
</if>
<kw name="Return From Keyword" owner="BuiltIn">
<msg time="2026-03-11T17:48:16.421237" level="INFO">Returning from the enclosing user keyword.</msg>
<arg>${text}</arg>
<doc>Returns from the enclosing user keyword.</doc>
<status status="PASS" start="2026-03-11T17:48:16.420837" elapsed="0.000529"/>
</kw>
<msg time="2026-03-11T17:48:16.421692" level="INFO">${name} = Omari Von</msg>
<var>${name}</var>
<arg>${name}</arg>
<status status="PASS" start="2026-03-11T17:48:16.417858" elapsed="0.003888"/>
</kw>
<kw name="Set To Dictionary" owner="Collections">
<msg time="2026-03-11T17:48:16.422665" level="INFO">${user} = {'name': 'Omari Von'}</msg>
<var>${user}</var>
<arg>${user}</arg>
<arg>name=${name}</arg>
<doc>Adds the given ``key_value_pairs`` and/or ``items`` to the ``dictionary``.</doc>
<status status="PASS" start="2026-03-11T17:48:16.422015" elapsed="0.000714"/>
</kw>
<kw name="Get Text" owner="SeleniumLibrary">
<msg time="2026-03-11T17:48:16.453989" level="INFO">${total_spent} = $483.70</msg>
<var>${total_spent}</var>
<arg>((//tbody//tr)[${i+1}]//td)[5]</arg>
<doc>Returns the text value of the element identified by ``locator``.</doc>
<status status="PASS" start="2026-03-11T17:48:16.423023" elapsed="0.031103"/>
</kw>
<kw name="Set To Dictionary" owner="Collections">
<msg time="2026-03-11T17:48:16.455328" level="INFO">${user} = {'name': 'Omari Von', 'total_spent': '$483.70'}</msg>
<var>${user}</var>
<arg>${user}</arg>
<arg>total_spent=${total_spent}</arg>
<doc>Adds the given ``key_value_pairs`` and/or ``items`` to the ``dictionary``.</doc>
<status status="PASS" start="2026-03-11T17:48:16.454615" elapsed="0.000769"/>
</kw>
<kw name="Append To List" owner="Collections">
<arg>${users}</arg>
<arg>${user}</arg>
<doc>Adds ``values`` to the end of ``list``.</doc>
<status status="PASS" start="2026-03-11T17:48:16.455601" elapsed="0.000342"/>
</kw>
<status status="PASS" start="2026-03-11T17:48:16.384882" elapsed="0.071144"/>
</branch>
<status status="PASS" start="2026-03-11T17:48:16.384810" elapsed="0.071308"/>
</if>
<var name="${i}">15</var>
<var name="${elem}">&lt;selenium.webdriver.remote.webelement.WebElement (session="ad7f74c351c69c8d86d0fa84988cf13c", element="f.9F924BE7D317396CE8ADF85D84E9B3ED.d.0F70A49D6F612ACBF432A8B3DD96F356.e.107")&gt;</var>
<status status="PASS" start="2026-03-11T17:48:16.340008" elapsed="0.116167"/>
</iter>
<iter>
<kw name="Get Text" owner="SeleniumLibrary">
<msg time="2026-03-11T17:48:16.486644" level="INFO">${total_spent} = $472.35</msg>
<var>${total_spent}</var>
<arg>((//tbody//tr)[${i+1}]//td)[5]</arg>
<doc>Returns the text value of the element identified by ``locator``.</doc>
<status status="PASS" start="2026-03-11T17:48:16.456822" elapsed="0.029958"/>
</kw>
<if>
<branch type="IF" condition="$total_spent != '$0.00'">
<kw name="Create Dictionary" owner="BuiltIn">
<msg time="2026-03-11T17:48:16.488471" level="INFO">${user} = {}</msg>
<var>${user}</var>
<doc>Creates and returns a dictionary based on the given ``items``.</doc>
<status status="PASS" start="2026-03-11T17:48:16.487733" elapsed="0.000793"/>
</kw>
<kw name="Get Text" owner="SeleniumLibrary">
<msg time="2026-03-11T17:48:16.517252" level="INFO">${name} = Cleora Gerhold</msg>
<var>${name}</var>
<arg>((//tbody//tr)[${i+1}]//td)[2]</arg>
<doc>Returns the text value of the element identified by ``locator``.</doc>
<status status="PASS" start="2026-03-11T17:48:16.488754" elapsed="0.028632"/>
</kw>
<kw name="Clean Text" owner="Customers">
<if>
<branch type="IF" condition="&quot;\\n&quot; in &quot;&quot;&quot;${text}&quot;&quot;&quot;">
<kw name="Evaluate" owner="BuiltIn">
<var>${text}</var>
<arg>"""${text}""".replace("\\n","")[1:]</arg>
<doc>Evaluates the given expression in Python and returns the result.</doc>
<status status="NOT RUN" start="2026-03-11T17:48:16.519224" elapsed="0.000059"/>
</kw>
<status status="NOT RUN" start="2026-03-11T17:48:16.518792" elapsed="0.000579"/>
</branch>
<branch type="ELSE IF" condition="&quot;$&quot; or &quot;,&quot; in &quot;&quot;&quot;${text}&quot;&quot;&quot;">
<kw name="Evaluate" owner="BuiltIn">
<msg time="2026-03-11T17:48:16.520727" level="INFO">${text} = Cleora Gerhold</msg>
<var>${text}</var>
<arg>"""${text}""".replace("$","").replace(",","")</arg>
<doc>Evaluates the given expression in Python and returns the result.</doc>
<status status="PASS" start="2026-03-11T17:48:16.519809" elapsed="0.000980"/>
</kw>
<status status="PASS" start="2026-03-11T17:48:16.519439" elapsed="0.001442"/>
</branch>
<status status="PASS" start="2026-03-11T17:48:16.518745" elapsed="0.002201"/>
</if>
<kw name="Return From Keyword" owner="BuiltIn">
<msg time="2026-03-11T17:48:16.521560" level="INFO">Returning from the enclosing user keyword.</msg>
<arg>${text}</arg>
<doc>Returns from the enclosing user keyword.</doc>
<status status="PASS" start="2026-03-11T17:48:16.521139" elapsed="0.000551"/>
</kw>
<msg time="2026-03-11T17:48:16.521961" level="INFO">${name} = Cleora Gerhold</msg>
<var>${name}</var>
<arg>${name}</arg>
<status status="PASS" start="2026-03-11T17:48:16.518131" elapsed="0.003878"/>
</kw>
<kw name="Set To Dictionary" owner="Collections">
<msg time="2026-03-11T17:48:16.523374" level="INFO">${user} = {'name': 'Cleora Gerhold'}</msg>
<var>${user}</var>
<arg>${user}</arg>
<arg>name=${name}</arg>
<doc>Adds the given ``key_value_pairs`` and/or ``items`` to the ``dictionary``.</doc>
<status status="PASS" start="2026-03-11T17:48:16.522368" elapsed="0.001070"/>
</kw>
<kw name="Get Text" owner="SeleniumLibrary">
<msg time="2026-03-11T17:48:16.546075" level="INFO">${total_spent} = $472.35</msg>
<var>${total_spent}</var>
<arg>((//tbody//tr)[${i+1}]//td)[5]</arg>
<doc>Returns the text value of the element identified by ``locator``.</doc>
<status status="PASS" start="2026-03-11T17:48:16.523721" elapsed="0.022491"/>
</kw>
<kw name="Set To Dictionary" owner="Collections">
<msg time="2026-03-11T17:48:16.547418" level="INFO">${user} = {'name': 'Cleora Gerhold', 'total_spent': '$472.35'}</msg>
<var>${user}</var>
<arg>${user}</arg>
<arg>total_spent=${total_spent}</arg>
<doc>Adds the given ``key_value_pairs`` and/or ``items`` to the ``dictionary``.</doc>
<status status="PASS" start="2026-03-11T17:48:16.546704" elapsed="0.000769"/>
</kw>
<kw name="Append To List" owner="Collections">
<arg>${users}</arg>
<arg>${user}</arg>
<doc>Adds ``values`` to the end of ``list``.</doc>
<status status="PASS" start="2026-03-11T17:48:16.547691" elapsed="0.000344"/>
</kw>
<status status="PASS" start="2026-03-11T17:48:16.487119" elapsed="0.061003"/>
</branch>
<status status="PASS" start="2026-03-11T17:48:16.487041" elapsed="0.061172"/>
</if>
<var name="${i}">16</var>
<var name="${elem}">&lt;selenium.webdriver.remote.webelement.WebElement (session="ad7f74c351c69c8d86d0fa84988cf13c", element="f.9F924BE7D317396CE8ADF85D84E9B3ED.d.0F70A49D6F612ACBF432A8B3DD96F356.e.108")&gt;</var>
<status status="PASS" start="2026-03-11T17:48:16.456628" elapsed="0.091639"/>
</iter>
<iter>
<kw name="Get Text" owner="SeleniumLibrary">
<msg time="2026-03-11T17:48:16.579216" level="INFO">${total_spent} = $67.61</msg>
<var>${total_spent}</var>
<arg>((//tbody//tr)[${i+1}]//td)[5]</arg>
<doc>Returns the text value of the element identified by ``locator``.</doc>
<status status="PASS" start="2026-03-11T17:48:16.548886" elapsed="0.030465"/>
</kw>
<if>
<branch type="IF" condition="$total_spent != '$0.00'">
<kw name="Create Dictionary" owner="BuiltIn">
<msg time="2026-03-11T17:48:16.581007" level="INFO">${user} = {}</msg>
<var>${user}</var>
<doc>Creates and returns a dictionary based on the given ``items``.</doc>
<status status="PASS" start="2026-03-11T17:48:16.580277" elapsed="0.000788"/>
</kw>
<kw name="Get Text" owner="SeleniumLibrary">
<msg time="2026-03-11T17:48:16.611465" level="INFO">${name} = Adell Dooley</msg>
<var>${name}</var>
<arg>((//tbody//tr)[${i+1}]//td)[2]</arg>
<doc>Returns the text value of the element identified by ``locator``.</doc>
<status status="PASS" start="2026-03-11T17:48:16.581299" elapsed="0.030303"/>
</kw>
<kw name="Clean Text" owner="Customers">
<if>
<branch type="IF" condition="&quot;\\n&quot; in &quot;&quot;&quot;${text}&quot;&quot;&quot;">
<kw name="Evaluate" owner="BuiltIn">
<var>${text}</var>
<arg>"""${text}""".replace("\\n","")[1:]</arg>
<doc>Evaluates the given expression in Python and returns the result.</doc>
<status status="NOT RUN" start="2026-03-11T17:48:16.613366" elapsed="0.000059"/>
</kw>
<status status="NOT RUN" start="2026-03-11T17:48:16.612950" elapsed="0.000600"/>
</branch>
<branch type="ELSE IF" condition="&quot;$&quot; or &quot;,&quot; in &quot;&quot;&quot;${text}&quot;&quot;&quot;">
<kw name="Evaluate" owner="BuiltIn">
<msg time="2026-03-11T17:48:16.615316" level="INFO">${text} = Adell Dooley</msg>
<var>${text}</var>
<arg>"""${text}""".replace("$","").replace(",","")</arg>
<doc>Evaluates the given expression in Python and returns the result.</doc>
<status status="PASS" start="2026-03-11T17:48:16.614101" elapsed="0.001307"/>
</kw>
<status status="PASS" start="2026-03-11T17:48:16.613625" elapsed="0.001925"/>
</branch>
<status status="PASS" start="2026-03-11T17:48:16.612902" elapsed="0.002734"/>
</if>
<kw name="Return From Keyword" owner="BuiltIn">
<msg time="2026-03-11T17:48:16.616367" level="INFO">Returning from the enclosing user keyword.</msg>
<arg>${text}</arg>
<doc>Returns from the enclosing user keyword.</doc>
<status status="PASS" start="2026-03-11T17:48:16.615929" elapsed="0.000591"/>
</kw>
<msg time="2026-03-11T17:48:16.616813" level="INFO">${name} = Adell Dooley</msg>
<var>${name}</var>
<arg>${name}</arg>
<status status="PASS" start="2026-03-11T17:48:16.612322" elapsed="0.004542"/>
</kw>
<kw name="Set To Dictionary" owner="Collections">
<msg time="2026-03-11T17:48:16.617714" level="INFO">${user} = {'name': 'Adell Dooley'}</msg>
<var>${user}</var>
<arg>${user}</arg>
<arg>name=${name}</arg>
<doc>Adds the given ``key_value_pairs`` and/or ``items`` to the ``dictionary``.</doc>
<status status="PASS" start="2026-03-11T17:48:16.617102" elapsed="0.000671"/>
</kw>
<kw name="Get Text" owner="SeleniumLibrary">
<msg time="2026-03-11T17:48:16.642815" level="INFO">${total_spent} = $67.61</msg>
<var>${total_spent}</var>
<arg>((//tbody//tr)[${i+1}]//td)[5]</arg>
<doc>Returns the text value of the element identified by ``locator``.</doc>
<status status="PASS" start="2026-03-11T17:48:16.618043" elapsed="0.024926"/>
</kw>
<kw name="Set To Dictionary" owner="Collections">
<msg time="2026-03-11T17:48:16.644663" level="INFO">${user} = {'name': 'Adell Dooley', 'total_spent': '$67.61'}</msg>
<var>${user}</var>
<arg>${user}</arg>
<arg>total_spent=${total_spent}</arg>
<doc>Adds the given ``key_value_pairs`` and/or ``items`` to the ``dictionary``.</doc>
<status status="PASS" start="2026-03-11T17:48:16.643789" elapsed="0.000948"/>
</kw>
<kw name="Append To List" owner="Collections">
<arg>${users}</arg>
<arg>${user}</arg>
<doc>Adds ``values`` to the end of ``list``.</doc>
<status status="PASS" start="2026-03-11T17:48:16.645074" elapsed="0.000563"/>
</kw>
<status status="PASS" start="2026-03-11T17:48:16.579685" elapsed="0.066102"/>
</branch>
<status status="PASS" start="2026-03-11T17:48:16.579608" elapsed="0.066279"/>
</if>
<var name="${i}">17</var>
<var name="${elem}">&lt;selenium.webdriver.remote.webelement.WebElement (session="ad7f74c351c69c8d86d0fa84988cf13c", element="f.9F924BE7D317396CE8ADF85D84E9B3ED.d.0F70A49D6F612ACBF432A8B3DD96F356.e.109")&gt;</var>
<status status="PASS" start="2026-03-11T17:48:16.548687" elapsed="0.097261"/>
</iter>
<iter>
<kw name="Get Text" owner="SeleniumLibrary">
<msg time="2026-03-11T17:48:16.678470" level="INFO">${total_spent} = $0.00</msg>
<var>${total_spent}</var>
<arg>((//tbody//tr)[${i+1}]//td)[5]</arg>
<doc>Returns the text value of the element identified by ``locator``.</doc>
<status status="PASS" start="2026-03-11T17:48:16.646941" elapsed="0.031665"/>
</kw>
<if>
<branch type="IF" condition="$total_spent != '$0.00'">
<kw name="Create Dictionary" owner="BuiltIn">
<var>${user}</var>
<doc>Creates and returns a dictionary based on the given ``items``.</doc>
<status status="NOT RUN" start="2026-03-11T17:48:16.679570" elapsed="0.000065"/>
</kw>
<kw name="Get Text" owner="SeleniumLibrary">
<var>${name}</var>
<arg>((//tbody//tr)[${i+1}]//td)[2]</arg>
<doc>Returns the text value of the element identified by ``locator``.</doc>
<status status="NOT RUN" start="2026-03-11T17:48:16.679832" elapsed="0.000049"/>
</kw>
<kw name="Clean Text" owner="Customers">
<var>${name}</var>
<arg>${name}</arg>
<status status="NOT RUN" start="2026-03-11T17:48:16.680331" elapsed="0.000070"/>
</kw>
<kw name="Set To Dictionary" owner="Collections">
<var>${user}</var>
<arg>${user}</arg>
<arg>name=${name}</arg>
<doc>Adds the given ``key_value_pairs`` and/or ``items`` to the ``dictionary``.</doc>
<status status="NOT RUN" start="2026-03-11T17:48:16.680585" elapsed="0.000049"/>
</kw>
<kw name="Get Text" owner="SeleniumLibrary">
<var>${total_spent}</var>
<arg>((//tbody//tr)[${i+1}]//td)[5]</arg>
<doc>Returns the text value of the element identified by ``locator``.</doc>
<status status="NOT RUN" start="2026-03-11T17:48:16.680818" elapsed="0.000048"/>
</kw>
<kw name="Set To Dictionary" owner="Collections">
<var>${user}</var>
<arg>${user}</arg>
<arg>total_spent=${total_spent}</arg>
<doc>Adds the given ``key_value_pairs`` and/or ``items`` to the ``dictionary``.</doc>
<status status="NOT RUN" start="2026-03-11T17:48:16.681039" elapsed="0.000165"/>
</kw>
<kw name="Append To List" owner="Collections">
<arg>${users}</arg>
<arg>${user}</arg>
<doc>Adds ``values`` to the end of ``list``.</doc>
<status status="NOT RUN" start="2026-03-11T17:48:16.681389" elapsed="0.000050"/>
</kw>
<status status="NOT RUN" start="2026-03-11T17:48:16.678947" elapsed="0.002582"/>
</branch>
<status status="PASS" start="2026-03-11T17:48:16.678869" elapsed="0.002737"/>
</if>
<var name="${i}">18</var>
<var name="${elem}">&lt;selenium.webdriver.remote.webelement.WebElement (session="ad7f74c351c69c8d86d0fa84988cf13c", element="f.9F924BE7D317396CE8ADF85D84E9B3ED.d.0F70A49D6F612ACBF432A8B3DD96F356.e.110")&gt;</var>
<status status="PASS" start="2026-03-11T17:48:16.646525" elapsed="0.035130"/>
</iter>
<iter>
<kw name="Get Text" owner="SeleniumLibrary">
<msg time="2026-03-11T17:48:16.711298" level="INFO">${total_spent} = $45.88</msg>
<var>${total_spent}</var>
<arg>((//tbody//tr)[${i+1}]//td)[5]</arg>
<doc>Returns the text value of the element identified by ``locator``.</doc>
<status status="PASS" start="2026-03-11T17:48:16.682296" elapsed="0.029199"/>
</kw>
<if>
<branch type="IF" condition="$total_spent != '$0.00'">
<kw name="Create Dictionary" owner="BuiltIn">
<msg time="2026-03-11T17:48:16.713322" level="INFO">${user} = {}</msg>
<var>${user}</var>
<doc>Creates and returns a dictionary based on the given ``items``.</doc>
<status status="PASS" start="2026-03-11T17:48:16.712567" elapsed="0.000814"/>
</kw>
<kw name="Get Text" owner="SeleniumLibrary">
<msg time="2026-03-11T17:48:16.744133" level="INFO">${name} = Blanca Wintheiser</msg>
<var>${name}</var>
<arg>((//tbody//tr)[${i+1}]//td)[2]</arg>
<doc>Returns the text value of the element identified by ``locator``.</doc>
<status status="PASS" start="2026-03-11T17:48:16.713657" elapsed="0.030614"/>
</kw>
<kw name="Clean Text" owner="Customers">
<if>
<branch type="IF" condition="&quot;\\n&quot; in &quot;&quot;&quot;${text}&quot;&quot;&quot;">
<kw name="Evaluate" owner="BuiltIn">
<var>${text}</var>
<arg>"""${text}""".replace("\\n","")[1:]</arg>
<doc>Evaluates the given expression in Python and returns the result.</doc>
<status status="NOT RUN" start="2026-03-11T17:48:16.746542" elapsed="0.000066"/>
</kw>
<status status="NOT RUN" start="2026-03-11T17:48:16.746001" elapsed="0.000723"/>
</branch>
<branch type="ELSE IF" condition="&quot;$&quot; or &quot;,&quot; in &quot;&quot;&quot;${text}&quot;&quot;&quot;">
<kw name="Evaluate" owner="BuiltIn">
<msg time="2026-03-11T17:48:16.748492" level="INFO">${text} = Blanca Wintheiser</msg>
<var>${text}</var>
<arg>"""${text}""".replace("$","").replace(",","")</arg>
<doc>Evaluates the given expression in Python and returns the result.</doc>
<status status="PASS" start="2026-03-11T17:48:16.747158" elapsed="0.001403"/>
</kw>
<status status="PASS" start="2026-03-11T17:48:16.746791" elapsed="0.001868"/>
</branch>
<status status="PASS" start="2026-03-11T17:48:16.745922" elapsed="0.002803"/>
</if>
<kw name="Return From Keyword" owner="BuiltIn">
<msg time="2026-03-11T17:48:16.749351" level="INFO">Returning from the enclosing user keyword.</msg>
[...]
<status status="PASS" start="2026-03-11T17:48:18.220509" elapsed="1.122591"/>
</for>
<return>
<value>${users}</value>
<status status="PASS" start="2026-03-11T17:48:19.343235" elapsed="0.000102"/>
</return>
<msg time="2026-03-11T17:48:19.343728" level="INFO">${users} = [{'name': 'Abner Mayert', 'total_spent': '$1,254.98'}, {'name': 'Cassie Kovacek', 'total_spent': '$579.00'}, {'name': 'Amos Willms', 'total_spent': '$568.08'}, {'name': 'Omari Von', 'total_spent': '$4...</msg>
<var>${users}</var>
<status status="PASS" start="2026-03-11T17:48:18.203469" elapsed="1.140317"/>
</kw>
<kw name="Set Variable" owner="BuiltIn">
<msg time="2026-03-11T17:48:19.345241" level="INFO">${sum} = 0</msg>
<var>${sum}</var>
<arg>${0}</arg>
<doc>Returns the given values which can then be assigned to a variables.</doc>
<status status="PASS" start="2026-03-11T17:48:19.343982" elapsed="0.001445"/>
</kw>
<kw name="Log To Console" owner="BuiltIn">
<arg>${EMPTY}</arg>
<doc>Logs the given message to the console.</doc>
<status status="PASS" start="2026-03-11T17:48:19.345857" elapsed="0.001405"/>
</kw>
<for flavor="IN ENUMERATE">
<iter>
<kw name="Clean Text" owner="Customers">
<if>
<branch type="IF" condition="&quot;\\n&quot; in &quot;&quot;&quot;${text}&quot;&quot;&quot;">
<kw name="Evaluate" owner="BuiltIn">
<var>${text}</var>
<arg>"""${text}""".replace("\\n","")[1:]</arg>
<doc>Evaluates the given expression in Python and returns the result.</doc>
<status status="NOT RUN" start="2026-03-11T17:48:19.350393" elapsed="0.000066"/>
</kw>
<status status="NOT RUN" start="2026-03-11T17:48:19.349867" elapsed="0.000703"/>
</branch>
<branch type="ELSE IF" condition="&quot;$&quot; or &quot;,&quot; in &quot;&quot;&quot;${text}&quot;&quot;&quot;">
<kw name="Evaluate" owner="BuiltIn">
<msg time="2026-03-11T17:48:19.351973" level="INFO">${text} = 1254.98</msg>
<var>${text}</var>
<arg>"""${text}""".replace("$","").replace(",","")</arg>
<doc>Evaluates the given expression in Python and returns the result.</doc>
<status status="PASS" start="2026-03-11T17:48:19.350980" elapsed="0.001058"/>
</kw>
<status status="PASS" start="2026-03-11T17:48:19.350636" elapsed="0.001497"/>
</branch>
<status status="PASS" start="2026-03-11T17:48:19.349811" elapsed="0.002390"/>
</if>
<kw name="Return From Keyword" owner="BuiltIn">
<msg time="2026-03-11T17:48:19.352799" level="INFO">Returning from the enclosing user keyword.</msg>
<arg>${text}</arg>
<doc>Returns from the enclosing user keyword.</doc>
<status status="PASS" start="2026-03-11T17:48:19.352396" elapsed="0.000526"/>
</kw>
<msg time="2026-03-11T17:48:19.353234" level="INFO">${float_total_spent} = 1254.98</msg>
<var>${float_total_spent}</var>
<arg>${user['total_spent']}</arg>
<status status="PASS" start="2026-03-11T17:48:19.348314" elapsed="0.004978"/>
</kw>
<kw name="Evaluate" owner="BuiltIn">
<msg time="2026-03-11T17:48:19.354812" level="INFO">${sum} = 1254.98</msg>
<var>${sum}</var>
<arg>${sum}+${float_total_spent}</arg>
<doc>Evaluates the given expression in Python and returns the result.</doc>
<status status="PASS" start="2026-03-11T17:48:19.353666" elapsed="0.001269"/>
</kw>
<var name="${i}">0</var>
<var name="${user}">{'name': 'Abner Mayert', 'total_spent': '$1,254.98'}</var>
<status status="PASS" start="2026-03-11T17:48:19.347847" elapsed="0.007255"/>
</iter>
<iter>
<kw name="Clean Text" owner="Customers">
<if>
<branch type="IF" condition="&quot;\\n&quot; in &quot;&quot;&quot;${text}&quot;&quot;&quot;">
<kw name="Evaluate" owner="BuiltIn">
<var>${text}</var>
<arg>"""${text}""".replace("\\n","")[1:]</arg>
<doc>Evaluates the given expression in Python and returns the result.</doc>
<status status="NOT RUN" start="2026-03-11T17:48:19.358508" elapsed="0.000084"/>
</kw>
<status status="NOT RUN" start="2026-03-11T17:48:19.357816" elapsed="0.000900"/>
</branch>
<branch type="ELSE IF" condition="&quot;$&quot; or &quot;,&quot; in &quot;&quot;&quot;${text}&quot;&quot;&quot;">
<kw name="Evaluate" owner="BuiltIn">
<msg time="2026-03-11T17:48:19.360223" level="INFO">${text} = 579.00</msg>
<var>${text}</var>
<arg>"""${text}""".replace("$","").replace(",","")</arg>
<doc>Evaluates the given expression in Python and returns the result.</doc>
<status status="PASS" start="2026-03-11T17:48:19.359181" elapsed="0.001125"/>
</kw>
<status status="PASS" start="2026-03-11T17:48:19.358790" elapsed="0.001637"/>
</branch>
<status status="PASS" start="2026-03-11T17:48:19.357724" elapsed="0.002781"/>
</if>
<kw name="Return From Keyword" owner="BuiltIn">
<msg time="2026-03-11T17:48:19.361319" level="INFO">Returning from the enclosing user keyword.</msg>
<arg>${text}</arg>
<doc>Returns from the enclosing user keyword.</doc>
<status status="PASS" start="2026-03-11T17:48:19.360793" elapsed="0.000660"/>
</kw>
<msg time="2026-03-11T17:48:19.361815" level="INFO">${float_total_spent} = 579.00</msg>
<var>${float_total_spent}</var>
<arg>${user['total_spent']}</arg>
<status status="PASS" start="2026-03-11T17:48:19.356114" elapsed="0.005751"/>
</kw>
<kw name="Evaluate" owner="BuiltIn">
<msg time="2026-03-11T17:48:19.363058" level="INFO">${sum} = 1833.98</msg>
<var>${sum}</var>
<arg>${sum}+${float_total_spent}</arg>
<doc>Evaluates the given expression in Python and returns the result.</doc>
<status status="PASS" start="2026-03-11T17:48:19.362134" elapsed="0.001037"/>
</kw>
<var name="${i}">1</var>
<var name="${user}">{'name': 'Cassie Kovacek', 'total_spent': '$579.00'}</var>
<status status="PASS" start="2026-03-11T17:48:19.355474" elapsed="0.007871"/>
</iter>
<iter>
<kw name="Clean Text" owner="Customers">
<if>
<branch type="IF" condition="&quot;\\n&quot; in &quot;&quot;&quot;${text}&quot;&quot;&quot;">
<kw name="Evaluate" owner="BuiltIn">
<var>${text}</var>
<arg>"""${text}""".replace("\\n","")[1:]</arg>
<doc>Evaluates the given expression in Python and returns the result.</doc>
<status status="NOT RUN" start="2026-03-11T17:48:19.366826" elapsed="0.000075"/>
</kw>
<status status="NOT RUN" start="2026-03-11T17:48:19.366197" elapsed="0.000827"/>
</branch>
<branch type="ELSE IF" condition="&quot;$&quot; or &quot;,&quot; in &quot;&quot;&quot;${text}&quot;&quot;&quot;">
<kw name="Evaluate" owner="BuiltIn">
<msg time="2026-03-11T17:48:19.368421" level="INFO">${text} = 568.08</msg>
<var>${text}</var>
<arg>"""${text}""".replace("$","").replace(",","")</arg>
<doc>Evaluates the given expression in Python and returns the result.</doc>
<status status="PASS" start="2026-03-11T17:48:19.367438" elapsed="0.001054"/>
</kw>
<status status="PASS" start="2026-03-11T17:48:19.367090" elapsed="0.001504"/>
</branch>
<status status="PASS" start="2026-03-11T17:48:19.366107" elapsed="0.002555"/>
</if>
<kw name="Return From Keyword" owner="BuiltIn">
<msg time="2026-03-11T17:48:19.369405" level="INFO">Returning from the enclosing user keyword.</msg>
<arg>${text}</arg>
<doc>Returns from the enclosing user keyword.</doc>
<status status="PASS" start="2026-03-11T17:48:19.368894" elapsed="0.000693"/>
</kw>
<msg time="2026-03-11T17:48:19.370057" level="INFO">${float_total_spent} = 568.08</msg>
<var>${float_total_spent}</var>
<arg>${user['total_spent']}</arg>
<status status="PASS" start="2026-03-11T17:48:19.364358" elapsed="0.005763"/>
</kw>
<kw name="Evaluate" owner="BuiltIn">
<msg time="2026-03-11T17:48:19.372096" level="INFO">${sum} = 2402.06</msg>
<var>${sum}</var>
<arg>${sum}+${float_total_spent}</arg>
<doc>Evaluates the given expression in Python and returns the result.</doc>
<status status="PASS" start="2026-03-11T17:48:19.370559" elapsed="0.001683"/>
</kw>
<var name="${i}">2</var>
<var name="${user}">{'name': 'Amos Willms', 'total_spent': '$568.08'}</var>
<status status="PASS" start="2026-03-11T17:48:19.363724" elapsed="0.008729"/>
</iter>
<iter>
<kw name="Clean Text" owner="Customers">
<if>
<branch type="IF" condition="&quot;\\n&quot; in &quot;&quot;&quot;${text}&quot;&quot;&quot;">
<kw name="Evaluate" owner="BuiltIn">
<var>${text}</var>
<arg>"""${text}""".replace("\\n","")[1:]</arg>
<doc>Evaluates the given expression in Python and returns the result.</doc>
<status status="NOT RUN" start="2026-03-11T17:48:19.377587" elapsed="0.000109"/>
</kw>
<status status="NOT RUN" start="2026-03-11T17:48:19.376774" elapsed="0.001056"/>
</branch>
<branch type="ELSE IF" condition="&quot;$&quot; or &quot;,&quot; in &quot;&quot;&quot;${text}&quot;&quot;&quot;">
<kw name="Evaluate" owner="BuiltIn">
<msg time="2026-03-11T17:48:19.380050" level="INFO">${text} = 483.70</msg>
<var>${text}</var>
<arg>"""${text}""".replace("$","").replace(",","")</arg>
<doc>Evaluates the given expression in Python and returns the result.</doc>
<status status="PASS" start="2026-03-11T17:48:19.378580" elapsed="0.001576"/>
</kw>
<status status="PASS" start="2026-03-11T17:48:19.377916" elapsed="0.002395"/>
</branch>
<status status="PASS" start="2026-03-11T17:48:19.376121" elapsed="0.004281"/>
</if>
<kw name="Return From Keyword" owner="BuiltIn">
<msg time="2026-03-11T17:48:19.381412" level="INFO">Returning from the enclosing user keyword.</msg>
<arg>${text}</arg>
<doc>Returns from the enclosing user keyword.</doc>
<status status="PASS" start="2026-03-11T17:48:19.380736" elapsed="0.000859"/>
</kw>
<msg time="2026-03-11T17:48:19.381957" level="INFO">${float_total_spent} = 483.70</msg>
<var>${float_total_spent}</var>
<arg>${user['total_spent']}</arg>
<status status="PASS" start="2026-03-11T17:48:19.373759" elapsed="0.008248"/>
</kw>
<kw name="Evaluate" owner="BuiltIn">
<msg time="2026-03-11T17:48:19.383074" level="INFO">${sum} = 2885.7599999999998</msg>
<var>${sum}</var>
<arg>${sum}+${float_total_spent}</arg>
<doc>Evaluates the given expression in Python and returns the result.</doc>
<status status="PASS" start="2026-03-11T17:48:19.382298" elapsed="0.000832"/>
</kw>
<var name="${i}">3</var>
<var name="${user}">{'name': 'Omari Von', 'total_spent': '$483.70'}</var>
<status status="PASS" start="2026-03-11T17:48:19.372950" elapsed="0.010269"/>
</iter>
<iter>
<kw name="Clean Text" owner="Customers">
<if>
<branch type="IF" condition="&quot;\\n&quot; in &quot;&quot;&quot;${text}&quot;&quot;&quot;">
<kw name="Evaluate" owner="BuiltIn">
<var>${text}</var>
<arg>"""${text}""".replace("\\n","")[1:]</arg>
<doc>Evaluates the given expression in Python and returns the result.</doc>
<status status="NOT RUN" start="2026-03-11T17:48:19.385598" elapsed="0.000060"/>
</kw>
<status status="NOT RUN" start="2026-03-11T17:48:19.385151" elapsed="0.000599"/>
</branch>
<branch type="ELSE IF" condition="&quot;$&quot; or &quot;,&quot; in &quot;&quot;&quot;${text}&quot;&quot;&quot;">
<kw name="Evaluate" owner="BuiltIn">
<msg time="2026-03-11T17:48:19.387036" level="INFO">${text} = 472.35</msg>
<var>${text}</var>
<arg>"""${text}""".replace("$","").replace(",","")</arg>
<doc>Evaluates the given expression in Python and returns the result.</doc>
<status status="PASS" start="2026-03-11T17:48:19.386170" elapsed="0.000929"/>
</kw>
<status status="PASS" start="2026-03-11T17:48:19.385819" elapsed="0.001370"/>
</branch>
<status status="PASS" start="2026-03-11T17:48:19.385105" elapsed="0.002150"/>
</if>
<kw name="Return From Keyword" owner="BuiltIn">
<msg time="2026-03-11T17:48:19.387868" level="INFO">Returning from the enclosing user keyword.</msg>
<arg>${text}</arg>
<doc>Returns from the enclosing user keyword.</doc>
<status status="PASS" start="2026-03-11T17:48:19.387454" elapsed="0.000539"/>
</kw>
<msg time="2026-03-11T17:48:19.388288" level="INFO">${float_total_spent} = 472.35</msg>
<var>${float_total_spent}</var>
<arg>${user['total_spent']}</arg>
<status status="PASS" start="2026-03-11T17:48:19.383909" elapsed="0.004429"/>
</kw>
<kw name="Evaluate" owner="BuiltIn">
<msg time="2026-03-11T17:48:19.389353" level="INFO">${sum} = 3358.1099999999997</msg>
<var>${sum}</var>
<arg>${sum}+${float_total_spent}</arg>
<doc>Evaluates the given expression in Python and returns the result.</doc>
<status status="PASS" start="2026-03-11T17:48:19.388571" elapsed="0.000852"/>
</kw>
<var name="${i}">4</var>
<var name="${user}">{'name': 'Cleora Gerhold', 'total_spent': '$472.35'}</var>
<status status="PASS" start="2026-03-11T17:48:19.383496" elapsed="0.006049"/>
</iter>
<iter>
<kw name="Clean Text" owner="Customers">
<if>
<branch type="IF" condition="&quot;\\n&quot; in &quot;&quot;&quot;${text}&quot;&quot;&quot;">
<kw name="Evaluate" owner="BuiltIn">
<var>${text}</var>
<arg>"""${text}""".replace("\\n","")[1:]</arg>
<doc>Evaluates the given expression in Python and returns the result.</doc>
<status status="NOT RUN" start="2026-03-11T17:48:19.392622" elapsed="0.000091"/>
</kw>
<status status="NOT RUN" start="2026-03-11T17:48:19.391903" elapsed="0.000950"/>
</branch>
<branch type="ELSE IF" condition="&quot;$&quot; or &quot;,&quot; in &quot;&quot;&quot;${text}&quot;&quot;&quot;">
<kw name="Evaluate" owner="BuiltIn">
<msg time="2026-03-11T17:48:19.395019" level="INFO">${text} = 67.61</msg>
<var>${text}</var>
<arg>"""${text}""".replace("$","").replace(",","")</arg>
<doc>Evaluates the given expression in Python and returns the result.</doc>
<status status="PASS" start="2026-03-11T17:48:19.393465" elapsed="0.001663"/>
</kw>
<status status="PASS" start="2026-03-11T17:48:19.392928" elapsed="0.002335"/>
</branch>
<status status="PASS" start="2026-03-11T17:48:19.391798" elapsed="0.003551"/>
</if>
<kw name="Return From Keyword" owner="BuiltIn">
<msg time="2026-03-11T17:48:19.396112" level="INFO">Returning from the enclosing user keyword.</msg>
<arg>${text}</arg>
<doc>Returns from the enclosing user keyword.</doc>
<status status="PASS" start="2026-03-11T17:48:19.395654" elapsed="0.000583"/>
</kw>
<msg time="2026-03-11T17:48:19.396531" level="INFO">${float_total_spent} = 67.61</msg>
<var>${float_total_spent}</var>
<arg>${user['total_spent']}</arg>
<status status="PASS" start="2026-03-11T17:48:19.390285" elapsed="0.006294"/>
</kw>
<kw name="Evaluate" owner="BuiltIn">
<msg time="2026-03-11T17:48:19.397541" level="INFO">${sum} = 3425.72</msg>
<var>${sum}</var>
<arg>${sum}+${float_total_spent}</arg>
<doc>Evaluates the given expression in Python and returns the result.</doc>
<status status="PASS" start="2026-03-11T17:48:19.396801" elapsed="0.000798"/>
</kw>
<var name="${i}">5</var>
<var name="${user}">{'name': 'Adell Dooley', 'total_spent': '$67.61'}</var>
<status status="PASS" start="2026-03-11T17:48:19.389839" elapsed="0.007852"/>
</iter>
<iter>
<kw name="Clean Text" owner="Customers">
<if>
<branch type="IF" condition="&quot;\\n&quot; in &quot;&quot;&quot;${text}&quot;&quot;&quot;">
<kw name="Evaluate" owner="BuiltIn">
<var>${text}</var>
<arg>"""${text}""".replace("\\n","")[1:]</arg>
<doc>Evaluates the given expression in Python and returns the result.</doc>
<status status="NOT RUN" start="2026-03-11T17:48:19.400425" elapsed="0.000063"/>
</kw>
<status status="NOT RUN" start="2026-03-11T17:48:19.399926" elapsed="0.000675"/>
</branch>
<branch type="ELSE IF" condition="&quot;$&quot; or &quot;,&quot; in &quot;&quot;&quot;${text}&quot;&quot;&quot;">
<kw name="Evaluate" owner="BuiltIn">
<msg time="2026-03-11T17:48:19.401989" level="INFO">${text} = 45.88</msg>
<var>${text}</var>
<arg>"""${text}""".replace("$","").replace(",","")</arg>
<doc>Evaluates the given expression in Python and returns the result.</doc>
<status status="PASS" start="2026-03-11T17:48:19.401008" elapsed="0.001054"/>
</kw>
<status status="PASS" start="2026-03-11T17:48:19.400667" elapsed="0.001498"/>
</branch>
<status status="PASS" start="2026-03-11T17:48:19.399876" elapsed="0.002358"/>
</if>
<kw name="Return From Keyword" owner="BuiltIn">
<msg time="2026-03-11T17:48:19.402894" level="INFO">Returning from the enclosing user keyword.</msg>
<arg>${text}</arg>
<doc>Returns from the enclosing user keyword.</doc>
<status status="PASS" start="2026-03-11T17:48:19.402461" elapsed="0.000558"/>
</kw>
<msg time="2026-03-11T17:48:19.403318" level="INFO">${float_total_spent} = 45.88</msg>
<var>${float_total_spent}</var>
<arg>${user['total_spent']}</arg>
<status status="PASS" start="2026-03-11T17:48:19.398464" elapsed="0.004903"/>
</kw>
<kw name="Evaluate" owner="BuiltIn">
<msg time="2026-03-11T17:48:19.404308" level="INFO">${sum} = 3471.6</msg>
<var>${sum}</var>
<arg>${sum}+${float_total_spent}</arg>
<doc>Evaluates the given expression in Python and returns the result.</doc>
<status status="PASS" start="2026-03-11T17:48:19.403600" elapsed="0.000763"/>
</kw>
<var name="${i}">6</var>
<var name="${user}">{'name': 'Blanca Wintheiser', 'total_spent': '$45.88'}</var>
<status status="PASS" start="2026-03-11T17:48:19.397975" elapsed="0.006477"/>
</iter>
<var>${i}</var>
<var>${user}</var>
<value>@{users}</value>
<status status="PASS" start="2026-03-11T17:48:19.347423" elapsed="0.057142"/>
</for>
<kw name="Format Amount" owner="Customers">
<kw name="Evaluate" owner="BuiltIn">
<msg time="2026-03-11T17:48:19.406257" level="INFO">${formatted_value} = 3,471.60</msg>
<var>${formatted_value}</var>
<arg>f"{${amount}:,.2f}"</arg>
<doc>Evaluates the given expression in Python and returns the result.</doc>
<status status="PASS" start="2026-03-11T17:48:19.405530" elapsed="0.000814"/>
</kw>
<return>
<value>${formatted_value}</value>
<status status="PASS" start="2026-03-11T17:48:19.406633" elapsed="0.000138"/>
</return>
<msg time="2026-03-11T17:48:19.407207" level="INFO">${formatted_sum} = 3,471.60</msg>
<var>${formatted_sum}</var>
<arg>${sum}</arg>
<status status="PASS" start="2026-03-11T17:48:19.404952" elapsed="0.002316"/>
</kw>
<return>
<value>${formatted_sum}</value>
<status status="PASS" start="2026-03-11T17:48:19.407405" elapsed="0.000087"/>
</return>
<msg time="2026-03-11T17:48:19.407791" level="INFO">${total_amount} = 3,471.60</msg>
<var>${total_amount}</var>
<status status="PASS" start="2026-03-11T17:48:18.202700" elapsed="1.205151"/>
</kw>
<if>
<branch type="IF" condition="${total_amount} &lt; 3500">
<kw name="Log To Console" owner="BuiltIn">
<arg>FAIL: Total spending ($${total_amount}) is below minimum threshold ($3,500)</arg>
<doc>Logs the given message to the console.</doc>
<status status="PASS" start="2026-03-11T17:48:19.408705" elapsed="0.001635"/>
</kw>
<kw name="Fail" owner="BuiltIn">
<msg time="2026-03-11T17:48:19.411605" level="FAIL">Test execution</msg>
<arg>Test execution</arg>
<doc>Fails the test with the given message and optionally alters its tags.</doc>
<status status="FAIL" start="2026-03-11T17:48:19.410834" elapsed="0.000943">Test execution</status>
</kw>
<status status="FAIL" start="2026-03-11T17:48:19.408085" elapsed="0.003849">Test execution</status>
</branch>
<branch type="ELSE">
<kw name="Log To Console" owner="BuiltIn">
<arg>PASS: Total spending ($${total_amount}) meets minimum threshold ($3,500)</arg>
<doc>Logs the given message to the console.</doc>
<status status="NOT RUN" start="2026-03-11T17:48:19.412279" elapsed="0.000054"/>
</kw>
<status status="NOT RUN" start="2026-03-11T17:48:19.412036" elapsed="0.000367"/>
</branch>
<status status="FAIL" start="2026-03-11T17:48:19.408019" elapsed="0.004444">Test execution</status>
</if>
<status status="FAIL" start="2026-03-11T17:48:18.201976" elapsed="1.210680">Test execution</status>
</kw>
<doc>Analyze User Spending</doc>
<status status="FAIL" start="2026-03-11T17:48:11.962486" elapsed="7.450634">Test execution</status>
</test>
<kw name="Capture Page Screenshot" owner="SeleniumLibrary" type="TEARDOWN">
<msg time="2026-03-11T17:48:19.586788" level="INFO" html="true">&lt;/td&gt;&lt;/tr&gt;&lt;tr&gt;&lt;td colspan="3"&gt;&lt;a href="selenium-screenshot-1005.png"&gt;&lt;img src="selenium-screenshot-1005.png" width="800px"&gt;&lt;/a&gt;</msg>
<doc>Takes a screenshot of the current page and embeds it into a log file.</doc>
<status status="PASS" start="2026-03-11T17:48:19.414431" elapsed="0.172668"/>
</kw>
<status status="FAIL" start="2026-03-11T17:48:07.190171" elapsed="12.397103"/>
</suite>
<statistics>
<total>
<stat pass="0" fail="1" skip="0">All Tests</stat>
</total>
<tag>
</tag>
<suite>
<stat name="Test" id="s1" pass="0" fail="1" skip="0">Test</stat>
</suite>
</statistics>
<errors>
</errors>
</robot>
